# JRE version: OpenJDK Runtime Environment (17.0.9) (build 17.0.9+0--11185874)
# Java VM: OpenJDK 64-Bit Server VM (17.0.9+0--11185874, mixed mode, tiered, compressed oops, compressed class ptrs, g1 gc, windows-amd64)
GC Precious Log:
 CPUs: 8 total, 8 available
 Memory: 7834M
 Large Page Support: Disabled
 NUMA Support: Disabled
 Compressed Oops: Enabled (32-bit)
 Heap Region Size: 1M
 Heap Min Capacity: 8M
 Heap Initial Capacity: 124M
 Heap Max Capacity: 2G
 Pre-touch: Disabled
 Parallel Workers: 8
 Concurrent Workers: 2
 Concurrent Refinement Workers: 8
 Periodic GC: Disabled
Heap:
 garbage-first heap   total 183296K, used 119500K [0x0000000080000000, 0x0000000100000000)
  region size 1024K, 6 young (6144K), 6 survivors (6144K)
 Metaspace       used 83149K, committed 83840K, reserved 1179648K
  class space    used 11582K, committed 11904K, reserved 1048576K
GC Heap History (20 events):
Event: 5.748 GC heap after
{Heap after GC invocations=27 (full 0):
 garbage-first heap   total 129024K, used 65163K [0x0000000080000000, 0x0000000100000000)
  region size 1024K, 2 young (2048K), 2 survivors (2048K)
 Metaspace       used 63333K, committed 63936K, reserved 1114112K
  class space    used 8804K, committed 9088K, reserved 1048576K
}
Event: 5.989 GC heap before
{Heap before GC invocations=28 (full 0):
 garbage-first heap   total 129024K, used 102027K [0x0000000080000000, 0x0000000100000000)
  region size 1024K, 38 young (38912K), 2 survivors (2048K)
 Metaspace       used 68010K, committed 68608K, reserved 1114112K
  class space    used 9722K, committed 9984K, reserved 1048576K
}
Event: 5.992 GC heap after
{Heap after GC invocations=29 (full 0):
 garbage-first heap   total 129024K, used 65874K [0x0000000080000000, 0x0000000100000000)
  region size 1024K, 3 young (3072K), 3 survivors (3072K)
 Metaspace       used 68010K, committed 68608K, reserved 1114112K
  class space    used 9722K, committed 9984K, reserved 1048576K
}
Event: 6.009 GC heap before
{Heap before GC invocations=29 (full 0):
 garbage-first heap   total 129024K, used 67922K [0x0000000080000000, 0x0000000100000000)
  region size 1024K, 6 young (6144K), 3 survivors (3072K)
 Metaspace       used 68413K, committed 69056K, reserved 1114112K
  class space    used 9767K, committed 10048K, reserved 1048576K
}
Event: 6.011 GC heap after
{Heap after GC invocations=30 (full 0):
 garbage-first heap   total 129024K, used 66266K [0x0000000080000000, 0x0000000100000000)
  region size 1024K, 1 young (1024K), 1 survivors (1024K)
 Metaspace       used 68413K, committed 69056K, reserved 1114112K
  class space    used 9767K, committed 10048K, reserved 1048576K
}
Event: 6.265 GC heap before
{Heap before GC invocations=30 (full 0):
 garbage-first heap   total 129024K, used 104154K [0x0000000080000000, 0x0000000100000000)
  region size 1024K, 38 young (38912K), 1 survivors (1024K)
 Metaspace       used 73607K, committed 74240K, reserved 1114112K
  class space    used 10427K, committed 10752K, reserved 1048576K
}
Event: 6.267 GC heap after
{Heap after GC invocations=31 (full 0):
 garbage-first heap   total 129024K, used 66840K [0x0000000080000000, 0x0000000100000000)
  region size 1024K, 2 young (2048K), 2 survivors (2048K)
 Metaspace       used 73607K, committed 74240K, reserved 1114112K
  class space    used 10427K, committed 10752K, reserved 1048576K
}
Event: 6.533 GC heap before
{Heap before GC invocations=32 (full 0):
 garbage-first heap   total 129024K, used 111896K [0x0000000080000000, 0x0000000100000000)
  region size 1024K, 39 young (39936K), 2 survivors (2048K)
 Metaspace       used 78455K, committed 79104K, reserved 1179648K
  class space    used 11046K, committed 11328K, reserved 1048576K
}
Event: 6.536 GC heap after
{Heap after GC invocations=33 (full 0):
 garbage-first heap   total 129024K, used 76540K [0x0000000080000000, 0x0000000100000000)
  region size 1024K, 4 young (4096K), 4 survivors (4096K)
 Metaspace       used 78455K, committed 79104K, reserved 1179648K
  class space    used 11046K, committed 11328K, reserved 1048576K
}
Event: 6.545 GC heap before
{Heap before GC invocations=33 (full 0):
 garbage-first heap   total 129024K, used 78588K [0x0000000080000000, 0x0000000100000000)
  region size 1024K, 6 young (6144K), 4 survivors (4096K)
 Metaspace       used 78455K, committed 79104K, reserved 1179648K
  class space    used 11046K, committed 11328K, reserved 1048576K
}
Event: 6.550 GC heap after
{Heap after GC invocations=34 (full 0):
 garbage-first heap   total 173056K, used 76865K [0x0000000080000000, 0x0000000100000000)
  region size 1024K, 1 young (1024K), 1 survivors (1024K)
 Metaspace       used 78455K, committed 79104K, reserved 1179648K
  class space    used 11046K, committed 11328K, reserved 1048576K
}
Event: 6.687 GC heap before
{Heap before GC invocations=34 (full 0):
 garbage-first heap   total 173056K, used 106561K [0x0000000080000000, 0x0000000100000000)
  region size 1024K, 30 young (30720K), 1 survivors (1024K)
 Metaspace       used 78583K, committed 79296K, reserved 1179648K
  class space    used 11051K, committed 11328K, reserved 1048576K
}
Event: 6.696 GC heap after
{Heap after GC invocations=35 (full 0):
 garbage-first heap   total 173056K, used 81167K [0x0000000080000000, 0x0000000100000000)
  region size 1024K, 8 young (8192K), 8 survivors (8192K)
 Metaspace       used 78583K, committed 79296K, reserved 1179648K
  class space    used 11051K, committed 11328K, reserved 1048576K
}
Event: 6.768 GC heap before
{Heap before GC invocations=35 (full 0):
 garbage-first heap   total 173056K, used 112911K [0x0000000080000000, 0x0000000100000000)
  region size 1024K, 36 young (36864K), 8 survivors (8192K)
 Metaspace       used 78595K, committed 79296K, reserved 1179648K
  class space    used 11052K, committed 11328K, reserved 1048576K
}
Event: 6.777 GC heap after
{Heap after GC invocations=36 (full 0):
 garbage-first heap   total 173056K, used 88538K [0x0000000080000000, 0x0000000100000000)
  region size 1024K, 8 young (8192K), 8 survivors (8192K)
 Metaspace       used 78595K, committed 79296K, reserved 1179648K
  class space    used 11052K, committed 11328K, reserved 1048576K
}
Event: 6.984 GC heap before
{Heap before GC invocations=37 (full 0):
 garbage-first heap   total 183296K, used 134618K [0x0000000080000000, 0x0000000100000000)
  region size 1024K, 49 young (50176K), 8 survivors (8192K)
 Metaspace       used 79545K, committed 80192K, reserved 1179648K
  class space    used 11187K, committed 11456K, reserved 1048576K
}
Event: 6.992 GC heap after
{Heap after GC invocations=38 (full 0):
 garbage-first heap   total 183296K, used 96908K [0x0000000080000000, 0x0000000100000000)
  region size 1024K, 7 young (7168K), 7 survivors (7168K)
 Metaspace       used 79545K, committed 80192K, reserved 1179648K
  class space    used 11187K, committed 11456K, reserved 1048576K
}
Event: 6.999 GC heap before
{Heap before GC invocations=38 (full 0):
 garbage-first heap   total 183296K, used 96908K [0x0000000080000000, 0x0000000100000000)
  region size 1024K, 8 young (8192K), 7 survivors (7168K)
 Metaspace       used 79686K, committed 80384K, reserved 1179648K
  class space    used 11205K, committed 11520K, reserved 1048576K
}
Event: 7.003 GC heap after
{Heap after GC invocations=39 (full 0):
 garbage-first heap   total 183296K, used 98110K [0x0000000080000000, 0x0000000100000000)
  region size 1024K, 1 young (1024K), 1 survivors (1024K)
 Metaspace       used 79686K, committed 80384K, reserved 1179648K
  class space    used 11205K, committed 11520K, reserved 1048576K
}
Event: 7.270 GC heap before
{Heap before GC invocations=39 (full 0):
 garbage-first heap   total 183296K, used 156478K [0x0000000080000000, 0x0000000100000000)
  region size 1024K, 42 young (43008K), 1 survivors (1024K)
 Metaspace       used 83149K, committed 83840K, reserved 1179648K
  class space    used 11582K, committed 11904K, reserved 1048576K
}

