# JRE version: OpenJDK Runtime Environment (17.0.9) (build 17.0.9+0--11185874)
# Java VM: OpenJDK 64-Bit Server VM (17.0.9+0--11185874, mixed mode, tiered, compressed oops, compressed class ptrs, g1 gc, windows-amd64)
GC Precious Log:
 CPUs: 8 total, 8 available
 Memory: 7834M
 Large Page Support: Disabled
 NUMA Support: Disabled
 Compressed Oops: Enabled (32-bit)
 Heap Region Size: 1M
 Heap Min Capacity: 8M
 Heap Initial Capacity: 124M
 Heap Max Capacity: 2G
 Pre-touch: Disabled
 Parallel Workers: 8
 Concurrent Workers: 2
 Concurrent Refinement Workers: 8
 Periodic GC: Disabled
Heap:
 garbage-first heap   total 337920K, used 284070K [0x0000000080000000, 0x0000000100000000)
  region size 1024K, 31 young (31744K), 1 survivors (1024K)
 Metaspace       used 190563K, committed 191680K, reserved 1245184K
  class space    used 24547K, committed 25088K, reserved 1048576K
GC Heap History (20 events):
Event: 19.294 GC heap before
{Heap before GC invocations=61 (full 0):
 garbage-first heap   total 337920K, used 286681K [0x0000000080000000, 0x0000000100000000)
  region size 1024K, 78 young (79872K), 7 survivors (7168K)
 Metaspace       used 160735K, committed 161728K, reserved 1245184K
  class space    used 20951K, committed 21440K, reserved 1048576K
}
Event: 19.298 GC heap after
{Heap after GC invocations=62 (full 0):
 garbage-first heap   total 337920K, used 216392K [0x0000000080000000, 0x0000000100000000)
  region size 1024K, 7 young (7168K), 7 survivors (7168K)
 Metaspace       used 160735K, committed 161728K, reserved 1245184K
  class space    used 20951K, committed 21440K, reserved 1048576K
}
Event: 19.723 GC heap before
{Heap before GC invocations=62 (full 0):
 garbage-first heap   total 337920K, used 302408K [0x0000000080000000, 0x0000000100000000)
  region size 1024K, 76 young (77824K), 7 survivors (7168K)
 Metaspace       used 161141K, committed 162112K, reserved 1245184K
  class space    used 21015K, committed 21440K, reserved 1048576K
}
Event: 19.731 GC heap after
{Heap after GC invocations=63 (full 0):
 garbage-first heap   total 337920K, used 224204K [0x0000000080000000, 0x0000000100000000)
  region size 1024K, 10 young (10240K), 10 survivors (10240K)
 Metaspace       used 161141K, committed 162112K, reserved 1245184K
  class space    used 21015K, committed 21440K, reserved 1048576K
}
Event: 20.309 GC heap before
{Heap before GC invocations=63 (full 0):
 garbage-first heap   total 337920K, used 283596K [0x0000000080000000, 0x0000000100000000)
  region size 1024K, 67 young (68608K), 10 survivors (10240K)
 Metaspace       used 168096K, committed 169024K, reserved 1245184K
  class space    used 21894K, committed 22336K, reserved 1048576K
}
Event: 20.315 GC heap after
{Heap after GC invocations=64 (full 0):
 garbage-first heap   total 337920K, used 227300K [0x0000000080000000, 0x0000000100000000)
  region size 1024K, 3 young (3072K), 3 survivors (3072K)
 Metaspace       used 168096K, committed 169024K, reserved 1245184K
  class space    used 21894K, committed 22336K, reserved 1048576K
}
Event: 20.928 GC heap before
{Heap before GC invocations=64 (full 0):
 garbage-first heap   total 337920K, used 285668K [0x0000000080000000, 0x0000000100000000)
  region size 1024K, 60 young (61440K), 3 survivors (3072K)
 Metaspace       used 172893K, committed 173824K, reserved 1245184K
  class space    used 22482K, committed 22912K, reserved 1048576K
}
Event: 20.935 GC heap after
{Heap after GC invocations=65 (full 0):
 garbage-first heap   total 337920K, used 231205K [0x0000000080000000, 0x0000000100000000)
  region size 1024K, 7 young (7168K), 7 survivors (7168K)
 Metaspace       used 172893K, committed 173824K, reserved 1245184K
  class space    used 22482K, committed 22912K, reserved 1048576K
}
Event: 21.208 GC heap before
{Heap before GC invocations=65 (full 0):
 garbage-first heap   total 337920K, used 286501K [0x0000000080000000, 0x0000000100000000)
  region size 1024K, 62 young (63488K), 7 survivors (7168K)
 Metaspace       used 173243K, committed 174208K, reserved 1245184K
  class space    used 22510K, committed 22976K, reserved 1048576K
}
Event: 21.217 GC heap after
{Heap after GC invocations=66 (full 0):
 garbage-first heap   total 337920K, used 237671K [0x0000000080000000, 0x0000000100000000)
  region size 1024K, 7 young (7168K), 7 survivors (7168K)
 Metaspace       used 173243K, committed 174208K, reserved 1245184K
  class space    used 22510K, committed 22976K, reserved 1048576K
}
Event: 21.709 GC heap before
{Heap before GC invocations=66 (full 0):
 garbage-first heap   total 337920K, used 285799K [0x0000000080000000, 0x0000000100000000)
  region size 1024K, 55 young (56320K), 7 survivors (7168K)
 Metaspace       used 174767K, committed 175744K, reserved 1245184K
  class space    used 22708K, committed 23168K, reserved 1048576K
}
Event: 21.717 GC heap after
{Heap after GC invocations=67 (full 0):
 garbage-first heap   total 337920K, used 242224K [0x0000000080000000, 0x0000000100000000)
  region size 1024K, 6 young (6144K), 6 survivors (6144K)
 Metaspace       used 174767K, committed 175744K, reserved 1245184K
  class space    used 22708K, committed 23168K, reserved 1048576K
}
Event: 22.353 GC heap before
{Heap before GC invocations=67 (full 0):
 garbage-first heap   total 337920K, used 287280K [0x0000000080000000, 0x0000000100000000)
  region size 1024K, 50 young (51200K), 6 survivors (6144K)
 Metaspace       used 177498K, committed 178560K, reserved 1245184K
  class space    used 23022K, committed 23488K, reserved 1048576K
}
Event: 22.361 GC heap after
{Heap after GC invocations=68 (full 0):
 garbage-first heap   total 337920K, used 247985K [0x0000000080000000, 0x0000000100000000)
  region size 1024K, 6 young (6144K), 6 survivors (6144K)
 Metaspace       used 177498K, committed 178560K, reserved 1245184K
  class space    used 23022K, committed 23488K, reserved 1048576K
}
Event: 23.829 GC heap before
{Heap before GC invocations=68 (full 0):
 garbage-first heap   total 337920K, used 288945K [0x0000000080000000, 0x0000000100000000)
  region size 1024K, 46 young (47104K), 6 survivors (6144K)
 Metaspace       used 183639K, committed 184576K, reserved 1245184K
  class space    used 23802K, committed 24256K, reserved 1048576K
}
Event: 23.835 GC heap after
{Heap after GC invocations=69 (full 0):
 garbage-first heap   total 337920K, used 251549K [0x0000000080000000, 0x0000000100000000)
  region size 1024K, 4 young (4096K), 4 survivors (4096K)
 Metaspace       used 183639K, committed 184576K, reserved 1245184K
  class space    used 23802K, committed 24256K, reserved 1048576K
}
Event: 24.245 GC heap before
{Heap before GC invocations=69 (full 0):
 garbage-first heap   total 337920K, used 289437K [0x0000000080000000, 0x0000000100000000)
  region size 1024K, 42 young (43008K), 4 survivors (4096K)
 Metaspace       used 186539K, committed 187584K, reserved 1245184K
  class space    used 24174K, committed 24704K, reserved 1048576K
}
Event: 24.250 GC heap after
{Heap after GC invocations=70 (full 0):
 garbage-first heap   total 337920K, used 254424K [0x0000000080000000, 0x0000000100000000)
  region size 1024K, 4 young (4096K), 4 survivors (4096K)
 Metaspace       used 186539K, committed 187584K, reserved 1245184K
  class space    used 24174K, committed 24704K, reserved 1048576K
}
Event: 33.022 GC heap before
{Heap before GC invocations=70 (full 0):
 garbage-first heap   total 337920K, used 289240K [0x0000000080000000, 0x0000000100000000)
  region size 1024K, 39 young (39936K), 4 survivors (4096K)
 Metaspace       used 190123K, committed 191296K, reserved 1245184K
  class space    used 24498K, committed 25088K, reserved 1048576K
}
Event: 33.024 GC heap after
{Heap after GC invocations=71 (full 0):
 garbage-first heap   total 337920K, used 255398K [0x0000000080000000, 0x0000000100000000)
  region size 1024K, 1 young (1024K), 1 survivors (1024K)
 Metaspace       used 190123K, committed 191296K, reserved 1245184K
  class space    used 24498K, committed 25088K, reserved 1048576K
}

