# JRE version: OpenJDK Runtime Environment (17.0.9) (build 17.0.9+0--11185874)
# Java VM: OpenJDK 64-Bit Server VM (17.0.9+0--11185874, mixed mode, tiered, compressed oops, compressed class ptrs, g1 gc, windows-amd64)
GC Precious Log:
 CPUs: 8 total, 8 available
 Memory: 7834M
 Large Page Support: Disabled
 NUMA Support: Disabled
 Compressed Oops: Enabled (32-bit)
 Heap Region Size: 1M
 Heap Min Capacity: 8M
 Heap Initial Capacity: 124M
 Heap Max Capacity: 2G
 Pre-touch: Disabled
 Parallel Workers: 8
 Concurrent Workers: 2
 Concurrent Refinement Workers: 8
 Periodic GC: Disabled
Heap:
 garbage-first heap   total 140288K, used 72517K [0x0000000080000000, 0x0000000100000000)
  region size 1024K, 4 young (4096K), 3 survivors (3072K)
 Metaspace       used 73287K, committed 73920K, reserved 1114112K
  class space    used 9889K, committed 10176K, reserved 1048576K
GC Heap History (20 events):
Event: 6.299 GC heap before
{Heap before GC invocations=14 (full 0):
 garbage-first heap   total 86016K, used 69514K [0x0000000080000000, 0x0000000100000000)
  region size 1024K, 33 young (33792K), 5 survivors (5120K)
 Metaspace       used 56053K, committed 56640K, reserved 1114112K
  class space    used 7684K, committed 7936K, reserved 1048576K
}
Event: 6.303 GC heap after
{Heap after GC invocations=15 (full 0):
 garbage-first heap   total 86016K, used 47967K [0x0000000080000000, 0x0000000100000000)
  region size 1024K, 5 young (5120K), 5 survivors (5120K)
 Metaspace       used 56053K, committed 56640K, reserved 1114112K
  class space    used 7684K, committed 7936K, reserved 1048576K
}
Event: 6.344 GC heap before
{Heap before GC invocations=16 (full 0):
 garbage-first heap   total 89088K, used 56159K [0x0000000080000000, 0x0000000100000000)
  region size 1024K, 10 young (10240K), 5 survivors (5120K)
 Metaspace       used 56064K, committed 56640K, reserved 1114112K
  class space    used 7684K, committed 7936K, reserved 1048576K
}
Event: 6.346 GC heap after
{Heap after GC invocations=17 (full 0):
 garbage-first heap   total 89088K, used 57379K [0x0000000080000000, 0x0000000100000000)
  region size 1024K, 3 young (3072K), 3 survivors (3072K)
 Metaspace       used 56064K, committed 56640K, reserved 1114112K
  class space    used 7684K, committed 7936K, reserved 1048576K
}
Event: 6.468 GC heap before
{Heap before GC invocations=18 (full 0):
 garbage-first heap   total 106496K, used 69667K [0x0000000080000000, 0x0000000100000000)
  region size 1024K, 14 young (14336K), 3 survivors (3072K)
 Metaspace       used 56699K, committed 57280K, reserved 1114112K
  class space    used 7794K, committed 8064K, reserved 1048576K
}
Event: 6.470 GC heap after
{Heap after GC invocations=19 (full 0):
 garbage-first heap   total 106496K, used 60637K [0x0000000080000000, 0x0000000100000000)
  region size 1024K, 2 young (2048K), 2 survivors (2048K)
 Metaspace       used 56699K, committed 57280K, reserved 1114112K
  class space    used 7794K, committed 8064K, reserved 1048576K
}
Event: 6.525 GC heap before
{Heap before GC invocations=19 (full 0):
 garbage-first heap   total 106496K, used 66781K [0x0000000080000000, 0x0000000100000000)
  region size 1024K, 10 young (10240K), 2 survivors (2048K)
 Metaspace       used 57200K, committed 57792K, reserved 1114112K
  class space    used 7842K, committed 8128K, reserved 1048576K
}
Event: 6.526 GC heap after
{Heap after GC invocations=20 (full 0):
 garbage-first heap   total 106496K, used 61186K [0x0000000080000000, 0x0000000100000000)
  region size 1024K, 1 young (1024K), 1 survivors (1024K)
 Metaspace       used 57200K, committed 57792K, reserved 1114112K
  class space    used 7842K, committed 8128K, reserved 1048576K
}
Event: 6.726 GC heap before
{Heap before GC invocations=21 (full 0):
 garbage-first heap   total 111616K, used 79618K [0x0000000080000000, 0x0000000100000000)
  region size 1024K, 19 young (19456K), 1 survivors (1024K)
 Metaspace       used 58612K, committed 59200K, reserved 1114112K
  class space    used 8045K, committed 8320K, reserved 1048576K
}
Event: 6.728 GC heap after
{Heap after GC invocations=22 (full 0):
 garbage-first heap   total 111616K, used 62876K [0x0000000080000000, 0x0000000100000000)
  region size 1024K, 2 young (2048K), 2 survivors (2048K)
 Metaspace       used 58612K, committed 59200K, reserved 1114112K
  class space    used 8045K, committed 8320K, reserved 1048576K
}
Event: 6.755 GC heap before
{Heap before GC invocations=22 (full 0):
 garbage-first heap   total 111616K, used 65948K [0x0000000080000000, 0x0000000100000000)
  region size 1024K, 5 young (5120K), 2 survivors (2048K)
 Metaspace       used 58887K, committed 59456K, reserved 1114112K
  class space    used 8082K, committed 8384K, reserved 1048576K
}
Event: 6.757 GC heap after
{Heap after GC invocations=23 (full 0):
 garbage-first heap   total 134144K, used 62804K [0x0000000080000000, 0x0000000100000000)
  region size 1024K, 1 young (1024K), 1 survivors (1024K)
 Metaspace       used 58887K, committed 59456K, reserved 1114112K
  class space    used 8082K, committed 8384K, reserved 1048576K
}
Event: 7.138 GC heap before
{Heap before GC invocations=23 (full 0):
 garbage-first heap   total 134144K, used 96596K [0x0000000080000000, 0x0000000100000000)
  region size 1024K, 34 young (34816K), 1 survivors (1024K)
 Metaspace       used 62465K, committed 62976K, reserved 1114112K
  class space    used 8483K, committed 8704K, reserved 1048576K
}
Event: 7.140 GC heap after
{Heap after GC invocations=24 (full 0):
 garbage-first heap   total 134144K, used 63561K [0x0000000080000000, 0x0000000100000000)
  region size 1024K, 1 young (1024K), 1 survivors (1024K)
 Metaspace       used 62465K, committed 62976K, reserved 1114112K
  class space    used 8483K, committed 8704K, reserved 1048576K
}
Event: 7.563 GC heap before
{Heap before GC invocations=25 (full 0):
 garbage-first heap   total 134144K, used 100425K [0x0000000080000000, 0x0000000100000000)
  region size 1024K, 37 young (37888K), 1 survivors (1024K)
 Metaspace       used 66242K, committed 66816K, reserved 1114112K
  class space    used 8975K, committed 9280K, reserved 1048576K
}
Event: 7.565 GC heap after
{Heap after GC invocations=26 (full 0):
 garbage-first heap   total 134144K, used 64805K [0x0000000080000000, 0x0000000100000000)
  region size 1024K, 3 young (3072K), 3 survivors (3072K)
 Metaspace       used 66242K, committed 66816K, reserved 1114112K
  class space    used 8975K, committed 9280K, reserved 1048576K
}
Event: 7.679 GC heap before
{Heap before GC invocations=26 (full 0):
 garbage-first heap   total 134144K, used 74021K [0x0000000080000000, 0x0000000100000000)
  region size 1024K, 13 young (13312K), 3 survivors (3072K)
 Metaspace       used 67900K, committed 68480K, reserved 1114112K
  class space    used 9166K, committed 9472K, reserved 1048576K
}
Event: 7.682 GC heap after
{Heap after GC invocations=27 (full 0):
 garbage-first heap   total 134144K, used 66349K [0x0000000080000000, 0x0000000100000000)
  region size 1024K, 4 young (4096K), 4 survivors (4096K)
 Metaspace       used 67900K, committed 68480K, reserved 1114112K
  class space    used 9166K, committed 9472K, reserved 1048576K
}
Event: 7.988 GC heap before
{Heap before GC invocations=28 (full 0):
 garbage-first heap   total 140288K, used 110381K [0x0000000080000000, 0x0000000100000000)
  region size 1024K, 41 young (41984K), 4 survivors (4096K)
 Metaspace       used 69724K, committed 70336K, reserved 1114112K
  class space    used 9419K, committed 9728K, reserved 1048576K
}
Event: 7.995 GC heap after
{Heap after GC invocations=29 (full 0):
 garbage-first heap   total 140288K, used 69593K [0x0000000080000000, 0x0000000100000000)
  region size 1024K, 6 young (6144K), 6 survivors (6144K)
 Metaspace       used 69724K, committed 70336K, reserved 1114112K
  class space    used 9419K, committed 9728K, reserved 1048576K
}

