# JRE version: OpenJDK Runtime Environment (17.0.9) (build 17.0.9+0--11185874)
# Java VM: OpenJDK 64-Bit Server VM (17.0.9+0--11185874, mixed mode, tiered, compressed oops, compressed class ptrs, g1 gc, windows-amd64)
GC Precious Log:
 CPUs: 8 total, 8 available
 Memory: 7834M
 Large Page Support: Disabled
 NUMA Support: Disabled
 Compressed Oops: Enabled (32-bit)
 Heap Region Size: 1M
 Heap Min Capacity: 8M
 Heap Initial Capacity: 124M
 Heap Max Capacity: 2G
 Pre-touch: Disabled
 Parallel Workers: 8
 Concurrent Workers: 2
 Concurrent Refinement Workers: 8
 Periodic GC: Disabled
Heap:
 garbage-first heap   total 401408K, used 278528K [0x0000000080000000, 0x0000000100000000)
  region size 1024K, 10 young (10240K), 10 survivors (10240K)
 Metaspace       used 146571K, committed 147584K, reserved 1179648K
  class space    used 19562K, committed 20032K, reserved 1048576K
GC Heap History (20 events):
Event: 19.976 GC heap after
{Heap after GC invocations=54 (full 0):
 garbage-first heap   total 401408K, used 196771K [0x0000000080000000, 0x0000000100000000)
  region size 1024K, 15 young (15360K), 15 survivors (15360K)
 Metaspace       used 119889K, committed 120896K, reserved 1179648K
  class space    used 16105K, committed 16576K, reserved 1048576K
}
Event: 20.471 GC heap before
{Heap before GC invocations=54 (full 0):
 garbage-first heap   total 401408K, used 261283K [0x0000000080000000, 0x0000000100000000)
  region size 1024K, 80 young (81920K), 15 survivors (15360K)
 Metaspace       used 124735K, committed 125760K, reserved 1179648K
  class space    used 16650K, committed 17088K, reserved 1048576K
}
Event: 20.483 GC heap after
{Heap after GC invocations=55 (full 0):
 garbage-first heap   total 401408K, used 200102K [0x0000000080000000, 0x0000000100000000)
  region size 1024K, 5 young (5120K), 5 survivors (5120K)
 Metaspace       used 124735K, committed 125760K, reserved 1179648K
  class space    used 16650K, committed 17088K, reserved 1048576K
}
Event: 61.006 GC heap before
{Heap before GC invocations=56 (full 0):
 garbage-first heap   total 401408K, used 328102K [0x0000000080000000, 0x0000000100000000)
  region size 1024K, 131 young (134144K), 5 survivors (5120K)
 Metaspace       used 129621K, committed 130688K, reserved 1179648K
  class space    used 17221K, committed 17728K, reserved 1048576K
}
Event: 61.015 GC heap after
{Heap after GC invocations=57 (full 0):
 garbage-first heap   total 401408K, used 210829K [0x0000000080000000, 0x0000000100000000)
  region size 1024K, 16 young (16384K), 16 survivors (16384K)
 Metaspace       used 129621K, committed 130688K, reserved 1179648K
  class space    used 17221K, committed 17728K, reserved 1048576K
}
Event: 61.038 GC heap before
{Heap before GC invocations=57 (full 0):
 garbage-first heap   total 401408K, used 213901K [0x0000000080000000, 0x0000000100000000)
  region size 1024K, 19 young (19456K), 16 survivors (16384K)
 Metaspace       used 129624K, committed 130688K, reserved 1179648K
  class space    used 17221K, committed 17728K, reserved 1048576K
}
Event: 61.047 GC heap after
{Heap after GC invocations=58 (full 0):
 garbage-first heap   total 401408K, used 209412K [0x0000000080000000, 0x0000000100000000)
  region size 1024K, 2 young (2048K), 2 survivors (2048K)
 Metaspace       used 129624K, committed 130688K, reserved 1179648K
  class space    used 17221K, committed 17728K, reserved 1048576K
}
Event: 62.277 GC heap before
{Heap before GC invocations=58 (full 0):
 garbage-first heap   total 401408K, used 347652K [0x0000000080000000, 0x0000000100000000)
  region size 1024K, 118 young (120832K), 2 survivors (2048K)
 Metaspace       used 135365K, committed 136448K, reserved 1179648K
  class space    used 17905K, committed 18432K, reserved 1048576K
}
Event: 62.283 GC heap after
{Heap after GC invocations=59 (full 0):
 garbage-first heap   total 401408K, used 212924K [0x0000000080000000, 0x0000000100000000)
  region size 1024K, 6 young (6144K), 6 survivors (6144K)
 Metaspace       used 135365K, committed 136448K, reserved 1179648K
  class space    used 17905K, committed 18432K, reserved 1048576K
}
Event: 63.675 GC heap before
{Heap before GC invocations=60 (full 0):
 garbage-first heap   total 401408K, used 330684K [0x0000000080000000, 0x0000000100000000)
  region size 1024K, 122 young (124928K), 6 survivors (6144K)
 Metaspace       used 138385K, committed 139392K, reserved 1179648K
  class space    used 18259K, committed 18752K, reserved 1048576K
}
Event: 63.687 GC heap after
{Heap after GC invocations=61 (full 0):
 garbage-first heap   total 401408K, used 220978K [0x0000000080000000, 0x0000000100000000)
  region size 1024K, 14 young (14336K), 14 survivors (14336K)
 Metaspace       used 138385K, committed 139392K, reserved 1179648K
  class space    used 18259K, committed 18752K, reserved 1048576K
}
Event: 63.741 GC heap before
{Heap before GC invocations=61 (full 0):
 garbage-first heap   total 401408K, used 226098K [0x0000000080000000, 0x0000000100000000)
  region size 1024K, 19 young (19456K), 14 survivors (14336K)
 Metaspace       used 138385K, committed 139392K, reserved 1179648K
  class space    used 18259K, committed 18752K, reserved 1048576K
}
Event: 63.752 GC heap after
{Heap after GC invocations=62 (full 0):
 garbage-first heap   total 401408K, used 216982K [0x0000000080000000, 0x0000000100000000)
  region size 1024K, 3 young (3072K), 3 survivors (3072K)
 Metaspace       used 138385K, committed 139392K, reserved 1179648K
  class space    used 18259K, committed 18752K, reserved 1048576K
}
Event: 64.459 GC heap before
{Heap before GC invocations=62 (full 0):
 garbage-first heap   total 401408K, used 331670K [0x0000000080000000, 0x0000000100000000)
  region size 1024K, 116 young (118784K), 3 survivors (3072K)
 Metaspace       used 142473K, committed 143488K, reserved 1179648K
  class space    used 18921K, committed 19392K, reserved 1048576K
}
Event: 64.465 GC heap after
{Heap after GC invocations=63 (full 0):
 garbage-first heap   total 401408K, used 232448K [0x0000000080000000, 0x0000000100000000)
  region size 1024K, 15 young (15360K), 15 survivors (15360K)
 Metaspace       used 142473K, committed 143488K, reserved 1179648K
  class space    used 18921K, committed 19392K, reserved 1048576K
}
Event: 64.746 GC heap before
{Heap before GC invocations=63 (full 0):
 garbage-first heap   total 401408K, used 329728K [0x0000000080000000, 0x0000000100000000)
  region size 1024K, 111 young (113664K), 15 survivors (15360K)
 Metaspace       used 144153K, committed 145216K, reserved 1179648K
  class space    used 19134K, committed 19648K, reserved 1048576K
}
Event: 64.764 GC heap after
{Heap after GC invocations=64 (full 0):
 garbage-first heap   total 401408K, used 252500K [0x0000000080000000, 0x0000000100000000)
  region size 1024K, 14 young (14336K), 14 survivors (14336K)
 Metaspace       used 144153K, committed 145216K, reserved 1179648K
  class space    used 19134K, committed 19648K, reserved 1048576K
}
Event: 64.970 GC heap before
{Heap before GC invocations=64 (full 0):
 garbage-first heap   total 401408K, used 328276K [0x0000000080000000, 0x0000000100000000)
  region size 1024K, 89 young (91136K), 14 survivors (14336K)
 Metaspace       used 146379K, committed 147392K, reserved 1179648K
  class space    used 19550K, committed 20032K, reserved 1048576K
}
Event: 64.990 GC heap after
{Heap after GC invocations=65 (full 0):
 garbage-first heap   total 401408K, used 266240K [0x0000000080000000, 0x0000000100000000)
  region size 1024K, 12 young (12288K), 12 survivors (12288K)
 Metaspace       used 146379K, committed 147392K, reserved 1179648K
  class space    used 19550K, committed 20032K, reserved 1048576K
}
Event: 65.142 GC heap before
{Heap before GC invocations=65 (full 0):
 garbage-first heap   total 401408K, used 332800K [0x0000000080000000, 0x0000000100000000)
  region size 1024K, 78 young (79872K), 12 survivors (12288K)
 Metaspace       used 146571K, committed 147584K, reserved 1179648K
  class space    used 19562K, committed 20032K, reserved 1048576K
}

