# JRE version: OpenJDK Runtime Environment (17.0.9) (build 17.0.9+0--11185874)
# Java VM: OpenJDK 64-Bit Server VM (17.0.9+0--11185874, mixed mode, tiered, compressed oops, compressed class ptrs, g1 gc, windows-amd64)
GC Precious Log:
 CPUs: 8 total, 8 available
 Memory: 7834M
 Large Page Support: Disabled
 NUMA Support: Disabled
 Compressed Oops: Enabled (32-bit)
 Heap Region Size: 1M
 Heap Min Capacity: 8M
 Heap Initial Capacity: 124M
 Heap Max Capacity: 1960M
 Pre-touch: Disabled
 Parallel Workers: 8
 Concurrent Workers: 2
 Concurrent Refinement Workers: 8
 Periodic GC: Disabled
Heap:
 garbage-first heap   total 126976K, used 60341K [0x0000000085800000, 0x0000000100000000)
  region size 1024K, 1 young (1024K), 1 survivors (1024K)
 Metaspace       used 76581K, committed 76864K, reserved 1179648K
  class space    used 8971K, committed 9088K, reserved 1048576K
GC Heap History (20 events):
Event: 3.498 GC heap after
{Heap after GC invocations=13 (full 0):
 garbage-first heap   total 82944K, used 32296K [0x0000000085800000, 0x0000000100000000)
  region size 1024K, 3 young (3072K), 3 survivors (3072K)
 Metaspace       used 52981K, committed 53184K, reserved 1114112K
  class space    used 6436K, committed 6528K, reserved 1048576K
}
Event: 3.966 GC heap before
{Heap before GC invocations=13 (full 0):
 garbage-first heap   total 82944K, used 59944K [0x0000000085800000, 0x0000000100000000)
  region size 1024K, 30 young (30720K), 3 survivors (3072K)
 Metaspace       used 55662K, committed 55936K, reserved 1114112K
  class space    used 6677K, committed 6784K, reserved 1048576K
}
Event: 3.978 GC heap after
{Heap after GC invocations=14 (full 0):
 garbage-first heap   total 82944K, used 36670K [0x0000000085800000, 0x0000000100000000)
  region size 1024K, 4 young (4096K), 4 survivors (4096K)
 Metaspace       used 55662K, committed 55936K, reserved 1114112K
  class space    used 6677K, committed 6784K, reserved 1048576K
}
Event: 4.231 GC heap before
{Heap before GC invocations=14 (full 0):
 garbage-first heap   total 82944K, used 60222K [0x0000000085800000, 0x0000000100000000)
  region size 1024K, 28 young (28672K), 4 survivors (4096K)
 Metaspace       used 56271K, committed 56512K, reserved 1114112K
  class space    used 6726K, committed 6848K, reserved 1048576K
}
Event: 4.244 GC heap after
{Heap after GC invocations=15 (full 0):
 garbage-first heap   total 82944K, used 41276K [0x0000000085800000, 0x0000000100000000)
  region size 1024K, 4 young (4096K), 4 survivors (4096K)
 Metaspace       used 56271K, committed 56512K, reserved 1114112K
  class space    used 6726K, committed 6848K, reserved 1048576K
}
Event: 4.367 GC heap before
{Heap before GC invocations=15 (full 0):
 garbage-first heap   total 82944K, used 62780K [0x0000000085800000, 0x0000000100000000)
  region size 1024K, 25 young (25600K), 4 survivors (4096K)
 Metaspace       used 57172K, committed 57344K, reserved 1114112K
  class space    used 6845K, committed 6912K, reserved 1048576K
}
Event: 4.377 GC heap after
{Heap after GC invocations=16 (full 0):
 garbage-first heap   total 82944K, used 43718K [0x0000000085800000, 0x0000000100000000)
  region size 1024K, 2 young (2048K), 2 survivors (2048K)
 Metaspace       used 57172K, committed 57344K, reserved 1114112K
  class space    used 6845K, committed 6912K, reserved 1048576K
}
Event: 4.833 GC heap before
{Heap before GC invocations=17 (full 0):
 garbage-first heap   total 82944K, used 64198K [0x0000000085800000, 0x0000000100000000)
  region size 1024K, 22 young (22528K), 2 survivors (2048K)
 Metaspace       used 59286K, committed 59456K, reserved 1114112K
  class space    used 7099K, committed 7168K, reserved 1048576K
}
Event: 4.841 GC heap after
{Heap after GC invocations=18 (full 0):
 garbage-first heap   total 82944K, used 46399K [0x0000000085800000, 0x0000000100000000)
  region size 1024K, 3 young (3072K), 3 survivors (3072K)
 Metaspace       used 59286K, committed 59456K, reserved 1114112K
  class space    used 7099K, committed 7168K, reserved 1048576K
}
Event: 4.853 GC heap before
{Heap before GC invocations=18 (full 0):
 garbage-first heap   total 82944K, used 47423K [0x0000000085800000, 0x0000000100000000)
  region size 1024K, 4 young (4096K), 3 survivors (3072K)
 Metaspace       used 59554K, committed 59776K, reserved 1114112K
  class space    used 7142K, committed 7232K, reserved 1048576K
}
Event: 4.860 GC heap after
{Heap after GC invocations=19 (full 0):
 garbage-first heap   total 103424K, used 46057K [0x0000000085800000, 0x0000000100000000)
  region size 1024K, 1 young (1024K), 1 survivors (1024K)
 Metaspace       used 59554K, committed 59776K, reserved 1114112K
  class space    used 7142K, committed 7232K, reserved 1048576K
}
Event: 5.547 GC heap before
{Heap before GC invocations=19 (full 0):
 garbage-first heap   total 103424K, used 78825K [0x0000000085800000, 0x0000000100000000)
  region size 1024K, 33 young (33792K), 1 survivors (1024K)
 Metaspace       used 64840K, committed 65152K, reserved 1114112K
  class space    used 7767K, committed 7936K, reserved 1048576K
}
Event: 5.556 GC heap after
{Heap after GC invocations=20 (full 0):
 garbage-first heap   total 103424K, used 50091K [0x0000000085800000, 0x0000000100000000)
  region size 1024K, 5 young (5120K), 5 survivors (5120K)
 Metaspace       used 64840K, committed 65152K, reserved 1114112K
  class space    used 7767K, committed 7936K, reserved 1048576K
}
Event: 5.997 GC heap before
{Heap before GC invocations=20 (full 0):
 garbage-first heap   total 103424K, used 78763K [0x0000000085800000, 0x0000000100000000)
  region size 1024K, 33 young (33792K), 5 survivors (5120K)
 Metaspace       used 68774K, committed 69056K, reserved 1114112K
  class space    used 8129K, committed 8256K, reserved 1048576K
}
Event: 6.008 GC heap after
{Heap after GC invocations=21 (full 0):
 garbage-first heap   total 103424K, used 53899K [0x0000000085800000, 0x0000000100000000)
  region size 1024K, 4 young (4096K), 4 survivors (4096K)
 Metaspace       used 68774K, committed 69056K, reserved 1114112K
  class space    used 8129K, committed 8256K, reserved 1048576K
}
Event: 6.415 GC heap before
{Heap before GC invocations=21 (full 0):
 garbage-first heap   total 103424K, used 80523K [0x0000000085800000, 0x0000000100000000)
  region size 1024K, 30 young (30720K), 4 survivors (4096K)
 Metaspace       used 74394K, committed 74688K, reserved 1179648K
  class space    used 8766K, committed 8896K, reserved 1048576K
}
Event: 6.422 GC heap after
{Heap after GC invocations=22 (full 0):
 garbage-first heap   total 103424K, used 55785K [0x0000000085800000, 0x0000000100000000)
  region size 1024K, 3 young (3072K), 3 survivors (3072K)
 Metaspace       used 74394K, committed 74688K, reserved 1179648K
  class space    used 8766K, committed 8896K, reserved 1048576K
}
Event: 6.665 GC heap before
{Heap before GC invocations=23 (full 0):
 garbage-first heap   total 103424K, used 80361K [0x0000000085800000, 0x0000000100000000)
  region size 1024K, 28 young (28672K), 3 survivors (3072K)
 Metaspace       used 76532K, committed 76800K, reserved 1179648K
  class space    used 8971K, committed 9088K, reserved 1048576K
}
Event: 6.678 GC heap after
{Heap after GC invocations=24 (full 0):
 garbage-first heap   total 103424K, used 59831K [0x0000000085800000, 0x0000000100000000)
  region size 1024K, 4 young (4096K), 4 survivors (4096K)
 Metaspace       used 76532K, committed 76800K, reserved 1179648K
  class space    used 8971K, committed 9088K, reserved 1048576K
}
Event: 6.697 GC heap before
{Heap before GC invocations=24 (full 0):
 garbage-first heap   total 103424K, used 60855K [0x0000000085800000, 0x0000000100000000)
  region size 1024K, 5 young (5120K), 4 survivors (4096K)
 Metaspace       used 76581K, committed 76864K, reserved 1179648K
  class space    used 8971K, committed 9088K, reserved 1048576K
}

