# JRE version: OpenJDK Runtime Environment (17.0.9) (build 17.0.9+0--11185874)
# Java VM: OpenJDK 64-Bit Server VM (17.0.9+0--11185874, mixed mode, tiered, compressed oops, compressed class ptrs, g1 gc, windows-amd64)
GC Precious Log:
 CPUs: 8 total, 8 available
 Memory: 7834M
 Large Page Support: Disabled
 NUMA Support: Disabled
 Compressed Oops: Enabled (32-bit)
 Heap Region Size: 1M
 Heap Min Capacity: 8M
 Heap Initial Capacity: 124M
 Heap Max Capacity: 1960M
 Pre-touch: Disabled
 Parallel Workers: 8
 Concurrent Workers: 2
 Concurrent Refinement Workers: 8
 Periodic GC: Disabled
Heap:
 garbage-first heap   total 126976K, used 57005K [0x0000000085800000, 0x0000000100000000)
  region size 1024K, 1 young (1024K), 1 survivors (1024K)
 Metaspace       used 74827K, committed 75072K, reserved 1179648K
  class space    used 8781K, committed 8896K, reserved 1048576K
GC Heap History (20 events):
Event: 5.045 GC heap after
{Heap after GC invocations=15 (full 0):
 garbage-first heap   total 66560K, used 31673K [0x0000000085800000, 0x0000000100000000)
  region size 1024K, 4 young (4096K), 4 survivors (4096K)
 Metaspace       used 52346K, committed 52608K, reserved 1114112K
  class space    used 6357K, committed 6464K, reserved 1048576K
}
Event: 5.494 GC heap before
{Heap before GC invocations=15 (full 0):
 garbage-first heap   total 66560K, used 52153K [0x0000000085800000, 0x0000000100000000)
  region size 1024K, 24 young (24576K), 4 survivors (4096K)
 Metaspace       used 55355K, committed 55616K, reserved 1114112K
  class space    used 6668K, committed 6784K, reserved 1048576K
}
Event: 5.507 GC heap after
{Heap after GC invocations=16 (full 0):
 garbage-first heap   total 66560K, used 34982K [0x0000000085800000, 0x0000000100000000)
  region size 1024K, 3 young (3072K), 3 survivors (3072K)
 Metaspace       used 55355K, committed 55616K, reserved 1114112K
  class space    used 6668K, committed 6784K, reserved 1048576K
}
Event: 5.748 GC heap before
{Heap before GC invocations=16 (full 0):
 garbage-first heap   total 66560K, used 51366K [0x0000000085800000, 0x0000000100000000)
  region size 1024K, 19 young (19456K), 3 survivors (3072K)
 Metaspace       used 55769K, committed 56000K, reserved 1114112K
  class space    used 6677K, committed 6784K, reserved 1048576K
}
Event: 5.761 GC heap after
{Heap after GC invocations=17 (full 0):
 garbage-first heap   total 66560K, used 38538K [0x0000000085800000, 0x0000000100000000)
  region size 1024K, 3 young (3072K), 3 survivors (3072K)
 Metaspace       used 55769K, committed 56000K, reserved 1114112K
  class space    used 6677K, committed 6784K, reserved 1048576K
}
Event: 5.910 GC heap before
{Heap before GC invocations=18 (full 0):
 garbage-first heap   total 70656K, used 51850K [0x0000000085800000, 0x0000000100000000)
  region size 1024K, 16 young (16384K), 3 survivors (3072K)
 Metaspace       used 55897K, committed 56128K, reserved 1114112K
  class space    used 6693K, committed 6784K, reserved 1048576K
}
Event: 5.922 GC heap after
{Heap after GC invocations=19 (full 0):
 garbage-first heap   total 70656K, used 41569K [0x0000000085800000, 0x0000000100000000)
  region size 1024K, 2 young (2048K), 2 survivors (2048K)
 Metaspace       used 55897K, committed 56128K, reserved 1114112K
  class space    used 6693K, committed 6784K, reserved 1048576K
}
Event: 6.036 GC heap before
{Heap before GC invocations=19 (full 0):
 garbage-first heap   total 70656K, used 55905K [0x0000000085800000, 0x0000000100000000)
  region size 1024K, 16 young (16384K), 2 survivors (2048K)
 Metaspace       used 56469K, committed 56704K, reserved 1114112K
  class space    used 6765K, committed 6848K, reserved 1048576K
}
Event: 6.042 GC heap after
{Heap after GC invocations=20 (full 0):
 garbage-first heap   total 104448K, used 42903K [0x0000000085800000, 0x0000000100000000)
  region size 1024K, 1 young (1024K), 1 survivors (1024K)
 Metaspace       used 56469K, committed 56704K, reserved 1114112K
  class space    used 6765K, committed 6848K, reserved 1048576K
}
Event: 6.725 GC heap before
{Heap before GC invocations=21 (full 0):
 garbage-first heap   total 104448K, used 77719K [0x0000000085800000, 0x0000000100000000)
  region size 1024K, 35 young (35840K), 1 survivors (1024K)
 Metaspace       used 60263K, committed 60480K, reserved 1114112K
  class space    used 7251K, committed 7360K, reserved 1048576K
}
Event: 6.735 GC heap after
{Heap after GC invocations=22 (full 0):
 garbage-first heap   total 104448K, used 46821K [0x0000000085800000, 0x0000000100000000)
  region size 1024K, 5 young (5120K), 5 survivors (5120K)
 Metaspace       used 60263K, committed 60480K, reserved 1114112K
  class space    used 7251K, committed 7360K, reserved 1048576K
}
Event: 6.763 GC heap before
{Heap before GC invocations=22 (full 0):
 garbage-first heap   total 104448K, used 47845K [0x0000000085800000, 0x0000000100000000)
  region size 1024K, 6 young (6144K), 5 survivors (5120K)
 Metaspace       used 60611K, committed 60864K, reserved 1114112K
  class space    used 7294K, committed 7360K, reserved 1048576K
}
Event: 6.771 GC heap after
{Heap after GC invocations=23 (full 0):
 garbage-first heap   total 104448K, used 46454K [0x0000000085800000, 0x0000000100000000)
  region size 1024K, 1 young (1024K), 1 survivors (1024K)
 Metaspace       used 60611K, committed 60864K, reserved 1114112K
  class space    used 7294K, committed 7360K, reserved 1048576K
}
Event: 7.385 GC heap before
{Heap before GC invocations=23 (full 0):
 garbage-first heap   total 104448K, used 78198K [0x0000000085800000, 0x0000000100000000)
  region size 1024K, 32 young (32768K), 1 survivors (1024K)
 Metaspace       used 65216K, committed 65536K, reserved 1114112K
  class space    used 7789K, committed 7936K, reserved 1048576K
}
Event: 7.394 GC heap after
{Heap after GC invocations=24 (full 0):
 garbage-first heap   total 104448K, used 50657K [0x0000000085800000, 0x0000000100000000)
  region size 1024K, 4 young (4096K), 4 survivors (4096K)
 Metaspace       used 65216K, committed 65536K, reserved 1114112K
  class space    used 7789K, committed 7936K, reserved 1048576K
}
Event: 7.896 GC heap before
{Heap before GC invocations=24 (full 0):
 garbage-first heap   total 104448K, used 80353K [0x0000000085800000, 0x0000000100000000)
  region size 1024K, 33 young (33792K), 4 survivors (4096K)
 Metaspace       used 69320K, committed 69632K, reserved 1114112K
  class space    used 8189K, committed 8320K, reserved 1048576K
}
Event: 7.910 GC heap after
{Heap after GC invocations=25 (full 0):
 garbage-first heap   total 104448K, used 54572K [0x0000000085800000, 0x0000000100000000)
  region size 1024K, 4 young (4096K), 4 survivors (4096K)
 Metaspace       used 69320K, committed 69632K, reserved 1114112K
  class space    used 8189K, committed 8320K, reserved 1048576K
}
Event: 8.376 GC heap before
{Heap before GC invocations=26 (full 0):
 garbage-first heap   total 104448K, used 81196K [0x0000000085800000, 0x0000000100000000)
  region size 1024K, 30 young (30720K), 4 survivors (4096K)
 Metaspace       used 74795K, committed 75072K, reserved 1179648K
  class space    used 8781K, committed 8896K, reserved 1048576K
}
Event: 8.384 GC heap after
{Heap after GC invocations=27 (full 0):
 garbage-first heap   total 104448K, used 56645K [0x0000000085800000, 0x0000000100000000)
  region size 1024K, 2 young (2048K), 2 survivors (2048K)
 Metaspace       used 74795K, committed 75072K, reserved 1179648K
  class space    used 8781K, committed 8896K, reserved 1048576K
}
Event: 8.405 GC heap before
{Heap before GC invocations=27 (full 0):
 garbage-first heap   total 104448K, used 59717K [0x0000000085800000, 0x0000000100000000)
  region size 1024K, 5 young (5120K), 2 survivors (2048K)
 Metaspace       used 74827K, committed 75072K, reserved 1179648K
  class space    used 8781K, committed 8896K, reserved 1048576K
}

