# JRE version: OpenJDK Runtime Environment (17.0.9) (build 17.0.9+0--11185874)
# Java VM: OpenJDK 64-Bit Server VM (17.0.9+0--11185874, mixed mode, tiered, compressed oops, compressed class ptrs, g1 gc, windows-amd64)
GC Precious Log:
 CPUs: 8 total, 8 available
 Memory: 7834M
 Large Page Support: Disabled
 NUMA Support: Disabled
 Compressed Oops: Enabled (32-bit)
 Heap Region Size: 1M
 Heap Min Capacity: 8M
 Heap Initial Capacity: 124M
 Heap Max Capacity: 1960M
 Pre-touch: Disabled
 Parallel Workers: 8
 Concurrent Workers: 2
 Concurrent Refinement Workers: 8
 Periodic GC: Disabled
Heap:
 garbage-first heap   total 126976K, used 52140K [0x0000000085800000, 0x0000000100000000)
  region size 1024K, 1 young (1024K), 1 survivors (1024K)
 Metaspace       used 63155K, committed 63424K, reserved 1114112K
  class space    used 7571K, committed 7680K, reserved 1048576K
GC Heap History (20 events):
Event: 1.579 GC heap after
{Heap after GC invocations=8 (full 0):
 garbage-first heap   total 81920K, used 19719K [0x0000000085800000, 0x0000000100000000)
  region size 1024K, 2 young (2048K), 2 survivors (2048K)
 Metaspace       used 35455K, committed 35648K, reserved 1114112K
  class space    used 4504K, committed 4608K, reserved 1048576K
}
Event: 2.058 GC heap before
{Heap before GC invocations=9 (full 0):
 garbage-first heap   total 75776K, used 58631K [0x0000000085800000, 0x0000000100000000)
  region size 1024K, 40 young (40960K), 2 survivors (2048K)
 Metaspace       used 44579K, committed 44800K, reserved 1114112K
  class space    used 5466K, committed 5568K, reserved 1048576K
}
Event: 2.066 GC heap after
{Heap after GC invocations=10 (full 0):
 garbage-first heap   total 75776K, used 22642K [0x0000000085800000, 0x0000000100000000)
  region size 1024K, 5 young (5120K), 5 survivors (5120K)
 Metaspace       used 44579K, committed 44800K, reserved 1114112K
  class space    used 5466K, committed 5568K, reserved 1048576K
}
Event: 2.407 GC heap before
{Heap before GC invocations=10 (full 0):
 garbage-first heap   total 75776K, used 58482K [0x0000000085800000, 0x0000000100000000)
  region size 1024K, 37 young (37888K), 5 survivors (5120K)
 Metaspace       used 47325K, committed 47552K, reserved 1114112K
  class space    used 5765K, committed 5888K, reserved 1048576K
}
Event: 2.417 GC heap after
{Heap after GC invocations=11 (full 0):
 garbage-first heap   total 75776K, used 28916K [0x0000000085800000, 0x0000000100000000)
  region size 1024K, 5 young (5120K), 5 survivors (5120K)
 Metaspace       used 47325K, committed 47552K, reserved 1114112K
  class space    used 5765K, committed 5888K, reserved 1048576K
}
Event: 2.831 GC heap before
{Heap before GC invocations=11 (full 0):
 garbage-first heap   total 75776K, used 55540K [0x0000000085800000, 0x0000000100000000)
  region size 1024K, 31 young (31744K), 5 survivors (5120K)
 Metaspace       used 53103K, committed 53312K, reserved 1114112K
  class space    used 6456K, committed 6528K, reserved 1048576K
}
Event: 2.839 GC heap after
{Heap after GC invocations=12 (full 0):
 garbage-first heap   total 75776K, used 30261K [0x0000000085800000, 0x0000000100000000)
  region size 1024K, 2 young (2048K), 2 survivors (2048K)
 Metaspace       used 53103K, committed 53312K, reserved 1114112K
  class space    used 6456K, committed 6528K, reserved 1048576K
}
Event: 3.469 GC heap before
{Heap before GC invocations=12 (full 0):
 garbage-first heap   total 75776K, used 57909K [0x0000000085800000, 0x0000000100000000)
  region size 1024K, 29 young (29696K), 2 survivors (2048K)
 Metaspace       used 55674K, committed 55936K, reserved 1114112K
  class space    used 6688K, committed 6784K, reserved 1048576K
}
Event: 3.486 GC heap after
{Heap after GC invocations=13 (full 0):
 garbage-first heap   total 75776K, used 35709K [0x0000000085800000, 0x0000000100000000)
  region size 1024K, 4 young (4096K), 4 survivors (4096K)
 Metaspace       used 55674K, committed 55936K, reserved 1114112K
  class space    used 6688K, committed 6784K, reserved 1048576K
}
Event: 3.851 GC heap before
{Heap before GC invocations=13 (full 0):
 garbage-first heap   total 75776K, used 57213K [0x0000000085800000, 0x0000000100000000)
  region size 1024K, 25 young (25600K), 4 survivors (4096K)
 Metaspace       used 56087K, committed 56320K, reserved 1114112K
  class space    used 6699K, committed 6784K, reserved 1048576K
}
Event: 3.873 GC heap after
{Heap after GC invocations=14 (full 0):
 garbage-first heap   total 91136K, used 40099K [0x0000000085800000, 0x0000000100000000)
  region size 1024K, 4 young (4096K), 4 survivors (4096K)
 Metaspace       used 56087K, committed 56320K, reserved 1114112K
  class space    used 6699K, committed 6784K, reserved 1048576K
}
Event: 4.155 GC heap before
{Heap before GC invocations=14 (full 0):
 garbage-first heap   total 91136K, used 68771K [0x0000000085800000, 0x0000000100000000)
  region size 1024K, 32 young (32768K), 4 survivors (4096K)
 Metaspace       used 57228K, committed 57408K, reserved 1114112K
  class space    used 6841K, committed 6912K, reserved 1048576K
}
Event: 4.171 GC heap after
{Heap after GC invocations=15 (full 0):
 garbage-first heap   total 91136K, used 43080K [0x0000000085800000, 0x0000000100000000)
  region size 1024K, 3 young (3072K), 3 survivors (3072K)
 Metaspace       used 57228K, committed 57408K, reserved 1114112K
  class space    used 6841K, committed 6912K, reserved 1048576K
}
Event: 4.861 GC heap before
{Heap before GC invocations=15 (full 0):
 garbage-first heap   total 91136K, used 68680K [0x0000000085800000, 0x0000000100000000)
  region size 1024K, 29 young (29696K), 3 survivors (3072K)
 Metaspace       used 59732K, committed 59968K, reserved 1114112K
  class space    used 7131K, committed 7232K, reserved 1048576K
}
Event: 4.872 GC heap after
{Heap after GC invocations=16 (full 0):
 garbage-first heap   total 91136K, used 47433K [0x0000000085800000, 0x0000000100000000)
  region size 1024K, 4 young (4096K), 4 survivors (4096K)
 Metaspace       used 59732K, committed 59968K, reserved 1114112K
  class space    used 7131K, committed 7232K, reserved 1048576K
}
Event: 5.608 GC heap before
{Heap before GC invocations=17 (full 0):
 garbage-first heap   total 91136K, used 70985K [0x0000000085800000, 0x0000000100000000)
  region size 1024K, 27 young (27648K), 4 survivors (4096K)
 Metaspace       used 62964K, committed 63168K, reserved 1114112K
  class space    used 7555K, committed 7616K, reserved 1048576K
}
Event: 5.624 GC heap after
{Heap after GC invocations=18 (full 0):
 garbage-first heap   total 91136K, used 51765K [0x0000000085800000, 0x0000000100000000)
  region size 1024K, 4 young (4096K), 4 survivors (4096K)
 Metaspace       used 62964K, committed 63168K, reserved 1114112K
  class space    used 7555K, committed 7616K, reserved 1048576K
}
Event: 5.632 GC heap before
{Heap before GC invocations=18 (full 0):
 garbage-first heap   total 91136K, used 52789K [0x0000000085800000, 0x0000000100000000)
  region size 1024K, 5 young (5120K), 4 survivors (4096K)
 Metaspace       used 62990K, committed 63168K, reserved 1114112K
  class space    used 7558K, committed 7616K, reserved 1048576K
}
Event: 5.641 GC heap after
{Heap after GC invocations=19 (full 0):
 garbage-first heap   total 91136K, used 51760K [0x0000000085800000, 0x0000000100000000)
  region size 1024K, 1 young (1024K), 1 survivors (1024K)
 Metaspace       used 62990K, committed 63168K, reserved 1114112K
  class space    used 7558K, committed 7616K, reserved 1048576K
}
Event: 5.709 GC heap before
{Heap before GC invocations=19 (full 0):
 garbage-first heap   total 91136K, used 55856K [0x0000000085800000, 0x0000000100000000)
  region size 1024K, 6 young (6144K), 1 survivors (1024K)
 Metaspace       used 63155K, committed 63424K, reserved 1114112K
  class space    used 7571K, committed 7680K, reserved 1048576K
}

