# JRE version: OpenJDK Runtime Environment (17.0.9) (build 17.0.9+0--11185874)
# Java VM: OpenJDK 64-Bit Server VM (17.0.9+0--11185874, mixed mode, tiered, compressed oops, compressed class ptrs, g1 gc, windows-amd64)
GC Precious Log:
 CPUs: 8 total, 8 available
 Memory: 7834M
 Large Page Support: Disabled
 NUMA Support: Disabled
 Compressed Oops: Enabled (32-bit)
 Heap Region Size: 1M
 Heap Min Capacity: 8M
 Heap Initial Capacity: 124M
 Heap Max Capacity: 2G
 Pre-touch: Disabled
 Parallel Workers: 8
 Concurrent Workers: 2
 Concurrent Refinement Workers: 8
 Periodic GC: Disabled
Heap:
 garbage-first heap   total 167936K, used 98293K [0x0000000080000000, 0x0000000100000000)
  region size 1024K, 5 young (5120K), 5 survivors (5120K)
 Metaspace       used 80400K, committed 81088K, reserved 1179648K
  class space    used 11291K, committed 11584K, reserved 1048576K
GC Heap History (20 events):
Event: 5.538 GC heap after
{Heap after GC invocations=26 (full 0):
 garbage-first heap   total 107520K, used 63008K [0x0000000080000000, 0x0000000100000000)
  region size 1024K, 4 young (4096K), 4 survivors (4096K)
 Metaspace       used 60747K, committed 61376K, reserved 1114112K
  class space    used 8291K, committed 8576K, reserved 1048576K
}
Event: 5.743 GC heap before
{Heap before GC invocations=27 (full 0):
 garbage-first heap   total 112640K, used 86560K [0x0000000080000000, 0x0000000100000000)
  region size 1024K, 28 young (28672K), 4 survivors (4096K)
 Metaspace       used 62928K, committed 63552K, reserved 1114112K
  class space    used 8659K, committed 8960K, reserved 1048576K
}
Event: 5.746 GC heap after
{Heap after GC invocations=28 (full 0):
 garbage-first heap   total 112640K, used 65490K [0x0000000080000000, 0x0000000100000000)
  region size 1024K, 3 young (3072K), 3 survivors (3072K)
 Metaspace       used 62928K, committed 63552K, reserved 1114112K
  class space    used 8659K, committed 8960K, reserved 1048576K
}
Event: 5.930 GC heap before
{Heap before GC invocations=28 (full 0):
 garbage-first heap   total 112640K, used 90066K [0x0000000080000000, 0x0000000100000000)
  region size 1024K, 28 young (28672K), 3 survivors (3072K)
 Metaspace       used 66606K, committed 67200K, reserved 1114112K
  class space    used 9514K, committed 9792K, reserved 1048576K
}
Event: 5.932 GC heap after
{Heap after GC invocations=29 (full 0):
 garbage-first heap   total 137216K, used 66397K [0x0000000080000000, 0x0000000100000000)
  region size 1024K, 1 young (1024K), 1 survivors (1024K)
 Metaspace       used 66606K, committed 67200K, reserved 1114112K
  class space    used 9514K, committed 9792K, reserved 1048576K
}
Event: 6.269 GC heap before
{Heap before GC invocations=30 (full 0):
 garbage-first heap   total 137216K, used 111453K [0x0000000080000000, 0x0000000100000000)
  region size 1024K, 45 young (46080K), 1 survivors (1024K)
 Metaspace       used 72386K, committed 73024K, reserved 1114112K
  class space    used 10287K, committed 10560K, reserved 1048576K
}
Event: 6.271 GC heap after
{Heap after GC invocations=31 (full 0):
 garbage-first heap   total 137216K, used 67251K [0x0000000080000000, 0x0000000100000000)
  region size 1024K, 2 young (2048K), 2 survivors (2048K)
 Metaspace       used 72386K, committed 73024K, reserved 1114112K
  class space    used 10287K, committed 10560K, reserved 1048576K
}
Event: 6.591 GC heap before
{Heap before GC invocations=31 (full 0):
 garbage-first heap   total 137216K, used 107187K [0x0000000080000000, 0x0000000100000000)
  region size 1024K, 42 young (43008K), 2 survivors (2048K)
 Metaspace       used 78337K, committed 78976K, reserved 1179648K
  class space    used 11045K, committed 11328K, reserved 1048576K
}
Event: 6.593 GC heap after
{Heap after GC invocations=32 (full 0):
 garbage-first heap   total 137216K, used 68063K [0x0000000080000000, 0x0000000100000000)
  region size 1024K, 3 young (3072K), 3 survivors (3072K)
 Metaspace       used 78337K, committed 78976K, reserved 1179648K
  class space    used 11045K, committed 11328K, reserved 1048576K
}
Event: 6.749 GC heap before
{Heap before GC invocations=33 (full 0):
 garbage-first heap   total 137216K, used 123359K [0x0000000080000000, 0x0000000100000000)
  region size 1024K, 48 young (49152K), 3 survivors (3072K)
 Metaspace       used 78655K, committed 79360K, reserved 1179648K
  class space    used 11053K, committed 11328K, reserved 1048576K
}
Event: 6.760 GC heap after
{Heap after GC invocations=34 (full 0):
 garbage-first heap   total 140288K, used 81400K [0x0000000080000000, 0x0000000100000000)
  region size 1024K, 6 young (6144K), 6 survivors (6144K)
 Metaspace       used 78655K, committed 79360K, reserved 1179648K
  class space    used 11053K, committed 11328K, reserved 1048576K
}
Event: 6.763 GC heap before
{Heap before GC invocations=34 (full 0):
 garbage-first heap   total 140288K, used 82424K [0x0000000080000000, 0x0000000100000000)
  region size 1024K, 7 young (7168K), 6 survivors (6144K)
 Metaspace       used 78655K, committed 79360K, reserved 1179648K
  class space    used 11053K, committed 11328K, reserved 1048576K
}
Event: 6.768 GC heap after
{Heap after GC invocations=35 (full 0):
 garbage-first heap   total 140288K, used 82944K [0x0000000080000000, 0x0000000100000000)
  region size 1024K, 1 young (1024K), 1 survivors (1024K)
 Metaspace       used 78655K, committed 79360K, reserved 1179648K
  class space    used 11053K, committed 11328K, reserved 1048576K
}
Event: 6.770 GC heap before
{Heap before GC invocations=35 (full 0):
 garbage-first heap   total 140288K, used 82944K [0x0000000080000000, 0x0000000100000000)
  region size 1024K, 2 young (2048K), 1 survivors (1024K)
 Metaspace       used 78656K, committed 79360K, reserved 1179648K
  class space    used 11053K, committed 11328K, reserved 1048576K
}
Event: 6.771 GC heap after
{Heap after GC invocations=36 (full 0):
 garbage-first heap   total 140288K, used 82645K [0x0000000080000000, 0x0000000100000000)
  region size 1024K, 1 young (1024K), 1 survivors (1024K)
 Metaspace       used 78656K, committed 79360K, reserved 1179648K
  class space    used 11053K, committed 11328K, reserved 1048576K
}
Event: 6.857 GC heap before
{Heap before GC invocations=37 (full 0):
 garbage-first heap   total 167936K, used 118485K [0x0000000080000000, 0x0000000100000000)
  region size 1024K, 29 young (29696K), 1 survivors (1024K)
 Metaspace       used 78661K, committed 79360K, reserved 1179648K
  class space    used 11054K, committed 11328K, reserved 1048576K
}
Event: 6.862 GC heap after
{Heap after GC invocations=38 (full 0):
 garbage-first heap   total 167936K, used 94966K [0x0000000080000000, 0x0000000100000000)
  region size 1024K, 4 young (4096K), 4 survivors (4096K)
 Metaspace       used 78661K, committed 79360K, reserved 1179648K
  class space    used 11054K, committed 11328K, reserved 1048576K
}
Event: 6.867 GC heap before
{Heap before GC invocations=38 (full 0):
 garbage-first heap   total 167936K, used 99062K [0x0000000080000000, 0x0000000100000000)
  region size 1024K, 8 young (8192K), 4 survivors (4096K)
 Metaspace       used 78661K, committed 79360K, reserved 1179648K
  class space    used 11054K, committed 11328K, reserved 1048576K
}
Event: 6.870 GC heap after
{Heap after GC invocations=39 (full 0):
 garbage-first heap   total 167936K, used 95841K [0x0000000080000000, 0x0000000100000000)
  region size 1024K, 1 young (1024K), 1 survivors (1024K)
 Metaspace       used 78661K, committed 79360K, reserved 1179648K
  class space    used 11054K, committed 11328K, reserved 1048576K
}
Event: 7.020 GC heap before
{Heap before GC invocations=39 (full 0):
 garbage-first heap   total 167936K, used 129633K [0x0000000080000000, 0x0000000100000000)
  region size 1024K, 34 young (34816K), 1 survivors (1024K)
 Metaspace       used 80400K, committed 81088K, reserved 1179648K
  class space    used 11291K, committed 11584K, reserved 1048576K
}

