# JRE version: OpenJDK Runtime Environment (17.0.9) (build 17.0.9+0--11185874)
# Java VM: OpenJDK 64-Bit Server VM (17.0.9+0--11185874, mixed mode, tiered, compressed oops, compressed class ptrs, g1 gc, windows-amd64)
GC Precious Log:
 CPUs: 8 total, 8 available
 Memory: 7834M
 Large Page Support: Disabled
 NUMA Support: Disabled
 Compressed Oops: Enabled (32-bit)
 Heap Region Size: 1M
 Heap Min Capacity: 8M
 Heap Initial Capacity: 124M
 Heap Max Capacity: 2G
 Pre-touch: Disabled
 Parallel Workers: 8
 Concurrent Workers: 2
 Concurrent Refinement Workers: 8
 Periodic GC: Disabled
Heap:
 garbage-first heap   total 432128K, used 374645K [0x0000000080000000, 0x0000000100000000)
  region size 1024K, 18 young (18432K), 3 survivors (3072K)
 Metaspace       used 198136K, committed 200384K, reserved 1245184K
  class space    used 25052K, committed 25856K, reserved 1048576K
GC Heap History (20 events):
Event: 5534.366 GC heap before
{Heap before GC invocations=69 (full 0):
 garbage-first heap   total 432128K, used 372409K [0x0000000080000000, 0x0000000100000000)
  region size 1024K, 40 young (40960K), 5 survivors (5120K)
 Metaspace       used 193768K, committed 194944K, reserved 1245184K
  class space    used 24630K, committed 25216K, reserved 1048576K
}
Event: 5534.381 GC heap after
{Heap after GC invocations=70 (full 0):
 garbage-first heap   total 432128K, used 341238K [0x0000000080000000, 0x0000000100000000)
  region size 1024K, 5 young (5120K), 5 survivors (5120K)
 Metaspace       used 193768K, committed 194944K, reserved 1245184K
  class space    used 24630K, committed 25216K, reserved 1048576K
}
Event: 5535.342 GC heap before
{Heap before GC invocations=70 (full 0):
 garbage-first heap   total 432128K, used 371958K [0x0000000080000000, 0x0000000100000000)
  region size 1024K, 36 young (36864K), 5 survivors (5120K)
 Metaspace       used 194668K, committed 195904K, reserved 1245184K
  class space    used 24726K, committed 25344K, reserved 1048576K
}
Event: 5535.356 GC heap after
{Heap after GC invocations=71 (full 0):
 garbage-first heap   total 432128K, used 339073K [0x0000000080000000, 0x0000000100000000)
  region size 1024K, 5 young (5120K), 5 survivors (5120K)
 Metaspace       used 194668K, committed 195904K, reserved 1245184K
  class space    used 24726K, committed 25344K, reserved 1048576K
}
Event: 5536.082 GC heap before
{Heap before GC invocations=71 (full 0):
 garbage-first heap   total 432128K, used 372865K [0x0000000080000000, 0x0000000100000000)
  region size 1024K, 38 young (38912K), 5 survivors (5120K)
 Metaspace       used 196037K, committed 197312K, reserved 1245184K
  class space    used 24898K, committed 25536K, reserved 1048576K
}
Event: 5536.094 GC heap after
{Heap after GC invocations=72 (full 0):
 garbage-first heap   total 432128K, used 341952K [0x0000000080000000, 0x0000000100000000)
  region size 1024K, 4 young (4096K), 4 survivors (4096K)
 Metaspace       used 196037K, committed 197312K, reserved 1245184K
  class space    used 24898K, committed 25536K, reserved 1048576K
}
Event: 5536.833 GC heap before
{Heap before GC invocations=72 (full 0):
 garbage-first heap   total 432128K, used 373696K [0x0000000080000000, 0x0000000100000000)
  region size 1024K, 36 young (36864K), 4 survivors (4096K)
 Metaspace       used 196833K, committed 198080K, reserved 1245184K
  class space    used 25034K, committed 25664K, reserved 1048576K
}
Event: 5536.844 GC heap after
{Heap after GC invocations=73 (full 0):
 garbage-first heap   total 432128K, used 345972K [0x0000000080000000, 0x0000000100000000)
  region size 1024K, 4 young (4096K), 4 survivors (4096K)
 Metaspace       used 196833K, committed 198080K, reserved 1245184K
  class space    used 25034K, committed 25664K, reserved 1048576K
}
Event: 5537.429 GC heap before
{Heap before GC invocations=73 (full 0):
 garbage-first heap   total 432128K, used 374644K [0x0000000080000000, 0x0000000100000000)
  region size 1024K, 33 young (33792K), 4 survivors (4096K)
 Metaspace       used 197173K, committed 198336K, reserved 1245184K
  class space    used 25082K, committed 25664K, reserved 1048576K
}
Event: 5537.437 GC heap after
{Heap after GC invocations=74 (full 0):
 garbage-first heap   total 432128K, used 348266K [0x0000000080000000, 0x0000000100000000)
  region size 1024K, 3 young (3072K), 3 survivors (3072K)
 Metaspace       used 197173K, committed 198336K, reserved 1245184K
  class space    used 25082K, committed 25664K, reserved 1048576K
}
Event: 5538.123 GC heap before
{Heap before GC invocations=74 (full 0):
 garbage-first heap   total 432128K, used 378986K [0x0000000080000000, 0x0000000100000000)
  region size 1024K, 31 young (31744K), 3 survivors (3072K)
 Metaspace       used 198377K, committed 199616K, reserved 1245184K
  class space    used 25216K, committed 25856K, reserved 1048576K
}
Event: 5538.139 GC heap after
{Heap after GC invocations=75 (full 0):
 garbage-first heap   total 432128K, used 363328K [0x0000000080000000, 0x0000000100000000)
  region size 1024K, 4 young (4096K), 4 survivors (4096K)
 Metaspace       used 198377K, committed 199616K, reserved 1245184K
  class space    used 25216K, committed 25856K, reserved 1048576K
}
Event: 5538.691 GC heap before
{Heap before GC invocations=75 (full 0):
 garbage-first heap   total 432128K, used 380736K [0x0000000080000000, 0x0000000100000000)
  region size 1024K, 21 young (21504K), 4 survivors (4096K)
 Metaspace       used 198835K, committed 200064K, reserved 1245184K
  class space    used 25258K, committed 25856K, reserved 1048576K
}
Event: 5538.702 GC heap after
{Heap after GC invocations=76 (full 0):
 garbage-first heap   total 432128K, used 367878K [0x0000000080000000, 0x0000000100000000)
  region size 1024K, 3 young (3072K), 3 survivors (3072K)
 Metaspace       used 198835K, committed 200064K, reserved 1245184K
  class space    used 25258K, committed 25856K, reserved 1048576K
}
Event: 5539.281 GC heap before
{Heap before GC invocations=76 (full 0):
 garbage-first heap   total 432128K, used 385286K [0x0000000080000000, 0x0000000100000000)
  region size 1024K, 21 young (21504K), 3 survivors (3072K)
 Metaspace       used 198924K, committed 200128K, reserved 1245184K
  class space    used 25258K, committed 25856K, reserved 1048576K
}
Event: 5539.289 GC heap after
{Heap after GC invocations=77 (full 0):
 garbage-first heap   total 432128K, used 372187K [0x0000000080000000, 0x0000000100000000)
  region size 1024K, 3 young (3072K), 3 survivors (3072K)
 Metaspace       used 198924K, committed 200128K, reserved 1245184K
  class space    used 25258K, committed 25856K, reserved 1048576K
}
Event: 5539.649 GC heap before
{Heap before GC invocations=77 (full 0):
 garbage-first heap   total 432128K, used 392667K [0x0000000080000000, 0x0000000100000000)
  region size 1024K, 20 young (20480K), 3 survivors (3072K)
 Metaspace       used 198989K, committed 200192K, reserved 1245184K
  class space    used 25258K, committed 25856K, reserved 1048576K
}
Event: 5539.663 GC heap after
{Heap after GC invocations=78 (full 0):
 garbage-first heap   total 432128K, used 381067K [0x0000000080000000, 0x0000000100000000)
  region size 1024K, 3 young (3072K), 3 survivors (3072K)
 Metaspace       used 198989K, committed 200192K, reserved 1245184K
  class space    used 25258K, committed 25856K, reserved 1048576K
}
Event: 5539.941 GC heap before
{Heap before GC invocations=78 (full 0):
 garbage-first heap   total 432128K, used 403595K [0x0000000080000000, 0x0000000100000000)
  region size 1024K, 21 young (21504K), 3 survivors (3072K)
 Metaspace       used 199009K, committed 200192K, reserved 1245184K
  class space    used 25258K, committed 25856K, reserved 1048576K
}
Event: 5539.959 GC heap after
{Heap after GC invocations=79 (full 0):
 garbage-first heap   total 432128K, used 393077K [0x0000000080000000, 0x0000000100000000)
  region size 1024K, 3 young (3072K), 3 survivors (3072K)
 Metaspace       used 199009K, committed 200192K, reserved 1245184K
  class space    used 25258K, committed 25856K, reserved 1048576K
}

