# JRE version: OpenJDK Runtime Environment (17.0.9) (build 17.0.9+0--11185874)
# Java VM: OpenJDK 64-Bit Server VM (17.0.9+0--11185874, mixed mode, tiered, compressed oops, compressed class ptrs, g1 gc, windows-amd64)
GC Precious Log:
 CPUs: 8 total, 8 available
 Memory: 7834M
 Large Page Support: Disabled
 NUMA Support: Disabled
 Compressed Oops: Enabled (32-bit)
 Heap Region Size: 1M
 Heap Min Capacity: 8M
 Heap Initial Capacity: 124M
 Heap Max Capacity: 2G
 Pre-touch: Disabled
 Parallel Workers: 8
 Concurrent Workers: 2
 Concurrent Refinement Workers: 8
 Periodic GC: Disabled
Heap:
 garbage-first heap   total 347136K, used 198656K [0x0000000080000000, 0x0000000100000000)
  region size 1024K, 13 young (13312K), 13 survivors (13312K)
 Metaspace       used 120666K, committed 121472K, reserved 1179648K
  class space    used 16485K, committed 16896K, reserved 1048576K
GC Heap History (20 events):
Event: 8.414 GC heap after
{Heap after GC invocations=38 (full 0):
 garbage-first heap   total 173056K, used 92063K [0x0000000080000000, 0x0000000100000000)
  region size 1024K, 1 young (1024K), 1 survivors (1024K)
 Metaspace       used 95835K, committed 96512K, reserved 1179648K
  class space    used 13327K, committed 13632K, reserved 1048576K
}
Event: 8.860 GC heap before
{Heap before GC invocations=38 (full 0):
 garbage-first heap   total 173056K, used 144287K [0x0000000080000000, 0x0000000100000000)
  region size 1024K, 52 young (53248K), 1 survivors (1024K)
 Metaspace       used 99938K, committed 100672K, reserved 1179648K
  class space    used 13854K, committed 14208K, reserved 1048576K
}
Event: 8.865 GC heap after
{Heap after GC invocations=39 (full 0):
 garbage-first heap   total 308224K, used 95241K [0x0000000080000000, 0x0000000100000000)
  region size 1024K, 4 young (4096K), 4 survivors (4096K)
 Metaspace       used 99938K, committed 100672K, reserved 1179648K
  class space    used 13854K, committed 14208K, reserved 1048576K
}
Event: 10.565 GC heap before
{Heap before GC invocations=40 (full 0):
 garbage-first heap   total 308224K, used 254985K [0x0000000080000000, 0x0000000100000000)
  region size 1024K, 153 young (156672K), 4 survivors (4096K)
 Metaspace       used 106074K, committed 106816K, reserved 1179648K
  class space    used 14596K, committed 14976K, reserved 1048576K
}
Event: 10.580 GC heap after
{Heap after GC invocations=41 (full 0):
 garbage-first heap   total 308224K, used 117984K [0x0000000080000000, 0x0000000100000000)
  region size 1024K, 20 young (20480K), 20 survivors (20480K)
 Metaspace       used 106074K, committed 106816K, reserved 1179648K
  class space    used 14596K, committed 14976K, reserved 1048576K
}
Event: 10.609 GC heap before
{Heap before GC invocations=41 (full 0):
 garbage-first heap   total 308224K, used 119008K [0x0000000080000000, 0x0000000100000000)
  region size 1024K, 21 young (21504K), 20 survivors (20480K)
 Metaspace       used 106116K, committed 106880K, reserved 1179648K
  class space    used 14596K, committed 14976K, reserved 1048576K
}
Event: 10.622 GC heap after
{Heap after GC invocations=42 (full 0):
 garbage-first heap   total 308224K, used 119178K [0x0000000080000000, 0x0000000100000000)
  region size 1024K, 2 young (2048K), 2 survivors (2048K)
 Metaspace       used 106116K, committed 106880K, reserved 1179648K
  class space    used 14596K, committed 14976K, reserved 1048576K
}
Event: 12.216 GC heap before
{Heap before GC invocations=42 (full 0):
 garbage-first heap   total 308224K, used 249226K [0x0000000080000000, 0x0000000100000000)
  region size 1024K, 113 young (115712K), 2 survivors (2048K)
 Metaspace       used 111571K, committed 112384K, reserved 1179648K
  class space    used 15225K, committed 15680K, reserved 1048576K
}
Event: 12.225 GC heap after
{Heap after GC invocations=43 (full 0):
 garbage-first heap   total 308224K, used 135995K [0x0000000080000000, 0x0000000100000000)
  region size 1024K, 15 young (15360K), 15 survivors (15360K)
 Metaspace       used 111571K, committed 112384K, reserved 1179648K
  class space    used 15225K, committed 15680K, reserved 1048576K
}
Event: 13.299 GC heap before
{Heap before GC invocations=43 (full 0):
 garbage-first heap   total 308224K, used 240443K [0x0000000080000000, 0x0000000100000000)
  region size 1024K, 118 young (120832K), 15 survivors (15360K)
 Metaspace       used 114120K, committed 114944K, reserved 1179648K
  class space    used 15513K, committed 15936K, reserved 1048576K
}
Event: 13.315 GC heap after
{Heap after GC invocations=44 (full 0):
 garbage-first heap   total 308224K, used 147488K [0x0000000080000000, 0x0000000100000000)
  region size 1024K, 12 young (12288K), 12 survivors (12288K)
 Metaspace       used 114120K, committed 114944K, reserved 1179648K
  class space    used 15513K, committed 15936K, reserved 1048576K
}
Event: 13.886 GC heap before
{Heap before GC invocations=44 (full 0):
 garbage-first heap   total 308224K, used 242720K [0x0000000080000000, 0x0000000100000000)
  region size 1024K, 107 young (109568K), 12 survivors (12288K)
 Metaspace       used 115237K, committed 116032K, reserved 1179648K
  class space    used 15669K, committed 16064K, reserved 1048576K
}
Event: 13.899 GC heap after
{Heap after GC invocations=45 (full 0):
 garbage-first heap   total 308224K, used 159286K [0x0000000080000000, 0x0000000100000000)
  region size 1024K, 14 young (14336K), 14 survivors (14336K)
 Metaspace       used 115237K, committed 116032K, reserved 1179648K
  class space    used 15669K, committed 16064K, reserved 1048576K
}
Event: 14.160 GC heap before
{Heap before GC invocations=46 (full 0):
 garbage-first heap   total 347136K, used 239158K [0x0000000080000000, 0x0000000100000000)
  region size 1024K, 98 young (100352K), 14 survivors (14336K)
 Metaspace       used 116249K, committed 117120K, reserved 1179648K
  class space    used 15810K, committed 16256K, reserved 1048576K
}
Event: 14.168 GC heap after
{Heap after GC invocations=47 (full 0):
 garbage-first heap   total 347136K, used 172513K [0x0000000080000000, 0x0000000100000000)
  region size 1024K, 13 young (13312K), 13 survivors (13312K)
 Metaspace       used 116249K, committed 117120K, reserved 1179648K
  class space    used 15810K, committed 16256K, reserved 1048576K
}
Event: 14.189 GC heap before
{Heap before GC invocations=47 (full 0):
 garbage-first heap   total 347136K, used 174561K [0x0000000080000000, 0x0000000100000000)
  region size 1024K, 16 young (16384K), 13 survivors (13312K)
 Metaspace       used 116279K, committed 117120K, reserved 1179648K
  class space    used 15815K, committed 16256K, reserved 1048576K
}
Event: 14.193 GC heap after
{Heap after GC invocations=48 (full 0):
 garbage-first heap   total 347136K, used 163214K [0x0000000080000000, 0x0000000100000000)
  region size 1024K, 2 young (2048K), 2 survivors (2048K)
 Metaspace       used 116279K, committed 117120K, reserved 1179648K
  class space    used 15815K, committed 16256K, reserved 1048576K
}
Event: 14.797 GC heap before
{Heap before GC invocations=48 (full 0):
 garbage-first heap   total 347136K, used 265614K [0x0000000080000000, 0x0000000100000000)
  region size 1024K, 103 young (105472K), 2 survivors (2048K)
 Metaspace       used 119659K, committed 120512K, reserved 1179648K
  class space    used 16327K, committed 16768K, reserved 1048576K
}
Event: 14.815 GC heap after
{Heap after GC invocations=49 (full 0):
 garbage-first heap   total 347136K, used 181140K [0x0000000080000000, 0x0000000100000000)
  region size 1024K, 13 young (13312K), 13 survivors (13312K)
 Metaspace       used 119659K, committed 120512K, reserved 1179648K
  class space    used 16327K, committed 16768K, reserved 1048576K
}
Event: 14.974 GC heap before
{Heap before GC invocations=49 (full 0):
 garbage-first heap   total 347136K, used 269204K [0x0000000080000000, 0x0000000100000000)
  region size 1024K, 100 young (102400K), 13 survivors (13312K)
 Metaspace       used 120666K, committed 121472K, reserved 1179648K
  class space    used 16485K, committed 16896K, reserved 1048576K
}

