# JRE version: OpenJDK Runtime Environment (17.0.9) (build 17.0.9+0--11185874)
# Java VM: OpenJDK 64-Bit Server VM (17.0.9+0--11185874, mixed mode, tiered, compressed oops, compressed class ptrs, g1 gc, windows-amd64)
GC Precious Log:
 CPUs: 8 total, 8 available
 Memory: 7834M
 Large Page Support: Disabled
 NUMA Support: Disabled
 Compressed Oops: Enabled (32-bit)
 Heap Region Size: 1M
 Heap Min Capacity: 8M
 Heap Initial Capacity: 124M
 Heap Max Capacity: 2G
 Pre-touch: Disabled
 Parallel Workers: 8
 Concurrent Workers: 2
 Concurrent Refinement Workers: 8
 Periodic GC: Disabled
Heap:
 garbage-first heap   total 181248K, used 116588K [0x0000000080000000, 0x0000000100000000)
  region size 1024K, 5 young (5120K), 5 survivors (5120K)
 Metaspace       used 83071K, committed 83776K, reserved 1179648K
  class space    used 11573K, committed 11904K, reserved 1048576K
GC Heap History (20 events):
Event: 6.615 GC heap after
{Heap after GC invocations=31 (full 0):
 garbage-first heap   total 116736K, used 66168K [0x0000000080000000, 0x0000000100000000)
  region size 1024K, 3 young (3072K), 3 survivors (3072K)
 Metaspace       used 70192K, committed 70784K, reserved 1114112K
  class space    used 10009K, committed 10304K, reserved 1048576K
}
Event: 6.917 GC heap before
{Heap before GC invocations=32 (full 0):
 garbage-first heap   total 117760K, used 96888K [0x0000000080000000, 0x0000000100000000)
  region size 1024K, 33 young (33792K), 3 survivors (3072K)
 Metaspace       used 74652K, committed 75328K, reserved 1114112K
  class space    used 10545K, committed 10880K, reserved 1048576K
}
Event: 6.919 GC heap after
{Heap after GC invocations=33 (full 0):
 garbage-first heap   total 117760K, used 66805K [0x0000000080000000, 0x0000000100000000)
  region size 1024K, 3 young (3072K), 3 survivors (3072K)
 Metaspace       used 74652K, committed 75328K, reserved 1114112K
  class space    used 10545K, committed 10880K, reserved 1048576K
}
Event: 6.941 GC heap before
{Heap before GC invocations=33 (full 0):
 garbage-first heap   total 117760K, used 68853K [0x0000000080000000, 0x0000000100000000)
  region size 1024K, 5 young (5120K), 3 survivors (3072K)
 Metaspace       used 74998K, committed 75648K, reserved 1179648K
  class space    used 10586K, committed 10880K, reserved 1048576K
}
Event: 6.944 GC heap after
{Heap after GC invocations=34 (full 0):
 garbage-first heap   total 117760K, used 67037K [0x0000000080000000, 0x0000000100000000)
  region size 1024K, 1 young (1024K), 1 survivors (1024K)
 Metaspace       used 74998K, committed 75648K, reserved 1179648K
  class space    used 10586K, committed 10880K, reserved 1048576K
}
Event: 7.179 GC heap before
{Heap before GC invocations=34 (full 0):
 garbage-first heap   total 117760K, used 89565K [0x0000000080000000, 0x0000000100000000)
  region size 1024K, 24 young (24576K), 1 survivors (1024K)
 Metaspace       used 78383K, committed 79040K, reserved 1179648K
  class space    used 11050K, committed 11328K, reserved 1048576K
}
Event: 7.180 GC heap after
{Heap after GC invocations=35 (full 0):
 garbage-first heap   total 161792K, used 67226K [0x0000000080000000, 0x0000000100000000)
  region size 1024K, 1 young (1024K), 1 survivors (1024K)
 Metaspace       used 78383K, committed 79040K, reserved 1179648K
  class space    used 11050K, committed 11328K, reserved 1048576K
}
Event: 7.190 GC heap before
{Heap before GC invocations=35 (full 0):
 garbage-first heap   total 161792K, used 73370K [0x0000000080000000, 0x0000000100000000)
  region size 1024K, 2 young (2048K), 1 survivors (1024K)
 Metaspace       used 78383K, committed 79040K, reserved 1179648K
  class space    used 11050K, committed 11328K, reserved 1048576K
}
Event: 7.191 GC heap after
{Heap after GC invocations=36 (full 0):
 garbage-first heap   total 161792K, used 73345K [0x0000000080000000, 0x0000000100000000)
  region size 1024K, 1 young (1024K), 1 survivors (1024K)
 Metaspace       used 78383K, committed 79040K, reserved 1179648K
  class space    used 11050K, committed 11328K, reserved 1048576K
}
Event: 7.429 GC heap before
{Heap before GC invocations=37 (full 0):
 garbage-first heap   total 161792K, used 142977K [0x0000000080000000, 0x0000000100000000)
  region size 1024K, 63 young (64512K), 1 survivors (1024K)
 Metaspace       used 78704K, committed 79424K, reserved 1179648K
  class space    used 11060K, committed 11392K, reserved 1048576K
}
Event: 7.440 GC heap after
{Heap after GC invocations=38 (full 0):
 garbage-first heap   total 162816K, used 85888K [0x0000000080000000, 0x0000000100000000)
  region size 1024K, 8 young (8192K), 8 survivors (8192K)
 Metaspace       used 78704K, committed 79424K, reserved 1179648K
  class space    used 11060K, committed 11392K, reserved 1048576K
}
Event: 7.451 GC heap before
{Heap before GC invocations=38 (full 0):
 garbage-first heap   total 162816K, used 85888K [0x0000000080000000, 0x0000000100000000)
  region size 1024K, 9 young (9216K), 8 survivors (8192K)
 Metaspace       used 78705K, committed 79424K, reserved 1179648K
  class space    used 11060K, committed 11392K, reserved 1048576K
}
Event: 7.456 GC heap after
{Heap after GC invocations=39 (full 0):
 garbage-first heap   total 162816K, used 86995K [0x0000000080000000, 0x0000000100000000)
  region size 1024K, 1 young (1024K), 1 survivors (1024K)
 Metaspace       used 78705K, committed 79424K, reserved 1179648K
  class space    used 11060K, committed 11392K, reserved 1048576K
}
Event: 7.465 GC heap before
{Heap before GC invocations=39 (full 0):
 garbage-first heap   total 162816K, used 88019K [0x0000000080000000, 0x0000000100000000)
  region size 1024K, 3 young (3072K), 1 survivors (1024K)
 Metaspace       used 78706K, committed 79424K, reserved 1179648K
  class space    used 11060K, committed 11392K, reserved 1048576K
}
Event: 7.467 GC heap after
{Heap after GC invocations=40 (full 0):
 garbage-first heap   total 162816K, used 87177K [0x0000000080000000, 0x0000000100000000)
  region size 1024K, 2 young (2048K), 2 survivors (2048K)
 Metaspace       used 78706K, committed 79424K, reserved 1179648K
  class space    used 11060K, committed 11392K, reserved 1048576K
}
Event: 7.646 GC heap before
{Heap before GC invocations=41 (full 0):
 garbage-first heap   total 181248K, used 126089K [0x0000000080000000, 0x0000000100000000)
  region size 1024K, 36 young (36864K), 2 survivors (2048K)
 Metaspace       used 78979K, committed 79616K, reserved 1179648K
  class space    used 11095K, committed 11392K, reserved 1048576K
}
Event: 7.652 GC heap after
{Heap after GC invocations=42 (full 0):
 garbage-first heap   total 181248K, used 95228K [0x0000000080000000, 0x0000000100000000)
  region size 1024K, 5 young (5120K), 5 survivors (5120K)
 Metaspace       used 78979K, committed 79616K, reserved 1179648K
  class space    used 11095K, committed 11392K, reserved 1048576K
}
Event: 7.678 GC heap before
{Heap before GC invocations=42 (full 0):
 garbage-first heap   total 181248K, used 98300K [0x0000000080000000, 0x0000000100000000)
  region size 1024K, 8 young (8192K), 5 survivors (5120K)
 Metaspace       used 79228K, committed 79872K, reserved 1179648K
  class space    used 11130K, committed 11456K, reserved 1048576K
}
Event: 7.682 GC heap after
{Heap after GC invocations=43 (full 0):
 garbage-first heap   total 181248K, used 95886K [0x0000000080000000, 0x0000000100000000)
  region size 1024K, 1 young (1024K), 1 survivors (1024K)
 Metaspace       used 79228K, committed 79872K, reserved 1179648K
  class space    used 11130K, committed 11456K, reserved 1048576K
}
Event: 8.014 GC heap before
{Heap before GC invocations=43 (full 0):
 garbage-first heap   total 181248K, used 151182K [0x0000000080000000, 0x0000000100000000)
  region size 1024K, 39 young (39936K), 1 survivors (1024K)
 Metaspace       used 83071K, committed 83776K, reserved 1179648K
  class space    used 11573K, committed 11904K, reserved 1048576K
}

