# JRE version: OpenJDK Runtime Environment (17.0.9) (build 17.0.9+0--11185874)
# Java VM: OpenJDK 64-Bit Server VM (17.0.9+0--11185874, mixed mode, tiered, compressed oops, compressed class ptrs, g1 gc, windows-amd64)
GC Precious Log:
 CPUs: 8 total, 8 available
 Memory: 7834M
 Large Page Support: Disabled
 NUMA Support: Disabled
 Compressed Oops: Enabled (32-bit)
 Heap Region Size: 1M
 Heap Min Capacity: 8M
 Heap Initial Capacity: 124M
 Heap Max Capacity: 2G
 Pre-touch: Disabled
 Parallel Workers: 8
 Concurrent Workers: 2
 Concurrent Refinement Workers: 8
 Periodic GC: Disabled
Heap:
 garbage-first heap   total 229376K, used 151946K [0x0000000080000000, 0x0000000100000000)
  region size 1024K, 37 young (37888K), 2 survivors (2048K)
 Metaspace       used 84433K, committed 85120K, reserved 1179648K
  class space    used 11723K, committed 12032K, reserved 1048576K
GC Heap History (20 events):
Event: 5.923 GC heap before
{Heap before GC invocations=24 (full 0):
 garbage-first heap   total 135168K, used 105180K [0x0000000080000000, 0x0000000100000000)
  region size 1024K, 47 young (48128K), 1 survivors (1024K)
 Metaspace       used 58268K, committed 58816K, reserved 1114112K
  class space    used 7945K, committed 8192K, reserved 1048576K
}
Event: 5.927 GC heap after
{Heap after GC invocations=25 (full 0):
 garbage-first heap   total 135168K, used 60911K [0x0000000080000000, 0x0000000100000000)
  region size 1024K, 4 young (4096K), 4 survivors (4096K)
 Metaspace       used 58268K, committed 58816K, reserved 1114112K
  class space    used 7945K, committed 8192K, reserved 1048576K
}
Event: 5.961 GC heap before
{Heap before GC invocations=25 (full 0):
 garbage-first heap   total 135168K, used 62959K [0x0000000080000000, 0x0000000100000000)
  region size 1024K, 6 young (6144K), 4 survivors (4096K)
 Metaspace       used 58533K, committed 59136K, reserved 1114112K
  class space    used 7983K, committed 8256K, reserved 1048576K
}
Event: 5.964 GC heap after
{Heap after GC invocations=26 (full 0):
 garbage-first heap   total 135168K, used 60666K [0x0000000080000000, 0x0000000100000000)
  region size 1024K, 1 young (1024K), 1 survivors (1024K)
 Metaspace       used 58533K, committed 59136K, reserved 1114112K
  class space    used 7983K, committed 8256K, reserved 1048576K
}
Event: 6.490 GC heap before
{Heap before GC invocations=26 (full 0):
 garbage-first heap   total 135168K, used 105722K [0x0000000080000000, 0x0000000100000000)
  region size 1024K, 46 young (47104K), 1 survivors (1024K)
 Metaspace       used 61067K, committed 61696K, reserved 1114112K
  class space    used 8326K, committed 8640K, reserved 1048576K
}
Event: 6.494 GC heap after
{Heap after GC invocations=27 (full 0):
 garbage-first heap   total 135168K, used 65739K [0x0000000080000000, 0x0000000100000000)
  region size 1024K, 6 young (6144K), 6 survivors (6144K)
 Metaspace       used 61067K, committed 61696K, reserved 1114112K
  class space    used 8326K, committed 8640K, reserved 1048576K
}
Event: 6.780 GC heap before
{Heap before GC invocations=27 (full 0):
 garbage-first heap   total 135168K, used 106699K [0x0000000080000000, 0x0000000100000000)
  region size 1024K, 46 young (47104K), 6 survivors (6144K)
 Metaspace       used 67196K, committed 67776K, reserved 1114112K
  class space    used 9591K, committed 9856K, reserved 1048576K
}
Event: 6.784 GC heap after
{Heap after GC invocations=28 (full 0):
 garbage-first heap   total 135168K, used 67334K [0x0000000080000000, 0x0000000100000000)
  region size 1024K, 2 young (2048K), 2 survivors (2048K)
 Metaspace       used 67196K, committed 67776K, reserved 1114112K
  class space    used 9591K, committed 9856K, reserved 1048576K
}
Event: 7.050 GC heap before
{Heap before GC invocations=28 (full 0):
 garbage-first heap   total 135168K, used 108294K [0x0000000080000000, 0x0000000100000000)
  region size 1024K, 42 young (43008K), 2 survivors (2048K)
 Metaspace       used 72614K, committed 73280K, reserved 1114112K
  class space    used 10296K, committed 10624K, reserved 1048576K
}
Event: 7.052 GC heap after
{Heap after GC invocations=29 (full 0):
 garbage-first heap   total 135168K, used 67917K [0x0000000080000000, 0x0000000100000000)
  region size 1024K, 3 young (3072K), 3 survivors (3072K)
 Metaspace       used 72614K, committed 73280K, reserved 1114112K
  class space    used 10296K, committed 10624K, reserved 1048576K
}
Event: 7.412 GC heap before
{Heap before GC invocations=30 (full 0):
 garbage-first heap   total 135168K, used 117069K [0x0000000080000000, 0x0000000100000000)
  region size 1024K, 44 young (45056K), 3 survivors (3072K)
 Metaspace       used 78522K, committed 79168K, reserved 1179648K
  class space    used 11047K, committed 11328K, reserved 1048576K
}
Event: 7.416 GC heap after
{Heap after GC invocations=31 (full 0):
 garbage-first heap   total 135168K, used 76822K [0x0000000080000000, 0x0000000100000000)
  region size 1024K, 4 young (4096K), 4 survivors (4096K)
 Metaspace       used 78522K, committed 79168K, reserved 1179648K
  class space    used 11047K, committed 11328K, reserved 1048576K
}
Event: 7.428 GC heap before
{Heap before GC invocations=31 (full 0):
 garbage-first heap   total 135168K, used 78870K [0x0000000080000000, 0x0000000100000000)
  region size 1024K, 6 young (6144K), 4 survivors (4096K)
 Metaspace       used 78522K, committed 79168K, reserved 1179648K
  class space    used 11047K, committed 11328K, reserved 1048576K
}
Event: 7.431 GC heap after
{Heap after GC invocations=32 (full 0):
 garbage-first heap   total 135168K, used 76661K [0x0000000080000000, 0x0000000100000000)
  region size 1024K, 1 young (1024K), 1 survivors (1024K)
 Metaspace       used 78522K, committed 79168K, reserved 1179648K
  class space    used 11047K, committed 11328K, reserved 1048576K
}
Event: 7.635 GC heap before
{Heap before GC invocations=32 (full 0):
 garbage-first heap   total 135168K, used 113525K [0x0000000080000000, 0x0000000100000000)
  region size 1024K, 35 young (35840K), 1 survivors (1024K)
 Metaspace       used 78652K, committed 79296K, reserved 1179648K
  class space    used 11052K, committed 11328K, reserved 1048576K
}
Event: 7.646 GC heap after
{Heap after GC invocations=33 (full 0):
 garbage-first heap   total 229376K, used 83407K [0x0000000080000000, 0x0000000100000000)
  region size 1024K, 5 young (5120K), 5 survivors (5120K)
 Metaspace       used 78652K, committed 79296K, reserved 1179648K
  class space    used 11052K, committed 11328K, reserved 1048576K
}
Event: 8.206 GC heap before
{Heap before GC invocations=34 (full 0):
 garbage-first heap   total 229376K, used 177615K [0x0000000080000000, 0x0000000100000000)
  region size 1024K, 91 young (93184K), 5 survivors (5120K)
 Metaspace       used 82273K, committed 82944K, reserved 1179648K
  class space    used 11485K, committed 11776K, reserved 1048576K
}
Event: 8.222 GC heap after
{Heap after GC invocations=35 (full 0):
 garbage-first heap   total 229376K, used 98450K [0x0000000080000000, 0x0000000100000000)
  region size 1024K, 12 young (12288K), 12 survivors (12288K)
 Metaspace       used 82273K, committed 82944K, reserved 1179648K
  class space    used 11485K, committed 11776K, reserved 1048576K
}
Event: 8.231 GC heap before
{Heap before GC invocations=35 (full 0):
 garbage-first heap   total 229376K, used 99474K [0x0000000080000000, 0x0000000100000000)
  region size 1024K, 13 young (13312K), 12 survivors (12288K)
 Metaspace       used 82358K, committed 83008K, reserved 1179648K
  class space    used 11494K, committed 11776K, reserved 1048576K
}
Event: 8.240 GC heap after
{Heap after GC invocations=36 (full 0):
 garbage-first heap   total 229376K, used 100746K [0x0000000080000000, 0x0000000100000000)
  region size 1024K, 2 young (2048K), 2 survivors (2048K)
 Metaspace       used 82358K, committed 83008K, reserved 1179648K
  class space    used 11494K, committed 11776K, reserved 1048576K
}

