# JRE version: OpenJDK Runtime Environment (17.0.9) (build 17.0.9+0--11185874)
# Java VM: OpenJDK 64-Bit Server VM (17.0.9+0--11185874, mixed mode, tiered, compressed oops, compressed class ptrs, g1 gc, windows-amd64)
GC Precious Log:
 CPUs: 8 total, 8 available
 Memory: 7834M
 Large Page Support: Disabled
 NUMA Support: Disabled
 Compressed Oops: Enabled (32-bit)
 Heap Region Size: 1M
 Heap Min Capacity: 8M
 Heap Initial Capacity: 124M
 Heap Max Capacity: 2G
 Pre-touch: Disabled
 Parallel Workers: 8
 Concurrent Workers: 2
 Concurrent Refinement Workers: 8
 Periodic GC: Disabled
Heap:
 garbage-first heap   total 528384K, used 124104K [0x0000000080000000, 0x0000000100000000)
  region size 1024K, 19 young (19456K), 18 survivors (18432K)
 Metaspace       used 93345K, committed 93952K, reserved 1179648K
  class space    used 12651K, committed 12928K, reserved 1048576K
GC Heap History (20 events):
Event: 5.828 GC heap before
{Heap before GC invocations=28 (full 0):
 garbage-first heap   total 117760K, used 85184K [0x0000000080000000, 0x0000000100000000)
  region size 1024K, 22 young (22528K), 2 survivors (2048K)
 Metaspace       used 66520K, committed 67136K, reserved 1114112K
  class space    used 9507K, committed 9792K, reserved 1048576K
}
Event: 5.830 GC heap after
{Heap after GC invocations=29 (full 0):
 garbage-first heap   total 117760K, used 65997K [0x0000000080000000, 0x0000000100000000)
  region size 1024K, 2 young (2048K), 2 survivors (2048K)
 Metaspace       used 66520K, committed 67136K, reserved 1114112K
  class space    used 9507K, committed 9792K, reserved 1048576K
}
Event: 6.068 GC heap before
{Heap before GC invocations=29 (full 0):
 garbage-first heap   total 117760K, used 95693K [0x0000000080000000, 0x0000000100000000)
  region size 1024K, 31 young (31744K), 2 survivors (2048K)
 Metaspace       used 70095K, committed 70720K, reserved 1114112K
  class space    used 10002K, committed 10304K, reserved 1048576K
}
Event: 6.071 GC heap after
{Heap after GC invocations=30 (full 0):
 garbage-first heap   total 141312K, used 66753K [0x0000000080000000, 0x0000000100000000)
  region size 1024K, 3 young (3072K), 3 survivors (3072K)
 Metaspace       used 70095K, committed 70720K, reserved 1114112K
  class space    used 10002K, committed 10304K, reserved 1048576K
}
Event: 6.531 GC heap before
{Heap before GC invocations=31 (full 0):
 garbage-first heap   total 141312K, used 113857K [0x0000000080000000, 0x0000000100000000)
  region size 1024K, 49 young (50176K), 3 survivors (3072K)
 Metaspace       used 76867K, committed 77504K, reserved 1179648K
  class space    used 10848K, committed 11136K, reserved 1048576K
}
Event: 6.533 GC heap after
{Heap after GC invocations=32 (full 0):
 garbage-first heap   total 141312K, used 67658K [0x0000000080000000, 0x0000000100000000)
  region size 1024K, 3 young (3072K), 3 survivors (3072K)
 Metaspace       used 76867K, committed 77504K, reserved 1179648K
  class space    used 10848K, committed 11136K, reserved 1048576K
}
Event: 6.564 GC heap before
{Heap before GC invocations=32 (full 0):
 garbage-first heap   total 141312K, used 70730K [0x0000000080000000, 0x0000000100000000)
  region size 1024K, 6 young (6144K), 3 survivors (3072K)
 Metaspace       used 77426K, committed 78080K, reserved 1179648K
  class space    used 10915K, committed 11200K, reserved 1048576K
}
Event: 6.568 GC heap after
{Heap after GC invocations=33 (full 0):
 garbage-first heap   total 141312K, used 67574K [0x0000000080000000, 0x0000000100000000)
  region size 1024K, 1 young (1024K), 1 survivors (1024K)
 Metaspace       used 77426K, committed 78080K, reserved 1179648K
  class space    used 10915K, committed 11200K, reserved 1048576K
}
Event: 6.622 GC heap before
{Heap before GC invocations=33 (full 0):
 garbage-first heap   total 141312K, used 72694K [0x0000000080000000, 0x0000000100000000)
  region size 1024K, 7 young (7168K), 1 survivors (1024K)
 Metaspace       used 78325K, committed 78976K, reserved 1179648K
  class space    used 11044K, committed 11328K, reserved 1048576K
}
Event: 6.623 GC heap after
{Heap after GC invocations=34 (full 0):
 garbage-first heap   total 141312K, used 67390K [0x0000000080000000, 0x0000000100000000)
  region size 1024K, 1 young (1024K), 1 survivors (1024K)
 Metaspace       used 78325K, committed 78976K, reserved 1179648K
  class space    used 11044K, committed 11328K, reserved 1048576K
}
Event: 6.842 GC heap before
{Heap before GC invocations=35 (full 0):
 garbage-first heap   total 141312K, used 129854K [0x0000000080000000, 0x0000000100000000)
  region size 1024K, 51 young (52224K), 1 survivors (1024K)
 Metaspace       used 78634K, committed 79296K, reserved 1179648K
  class space    used 11052K, committed 11328K, reserved 1048576K
}
Event: 6.851 GC heap after
{Heap after GC invocations=36 (full 0):
 garbage-first heap   total 146432K, used 84316K [0x0000000080000000, 0x0000000100000000)
  region size 1024K, 7 young (7168K), 7 survivors (7168K)
 Metaspace       used 78634K, committed 79296K, reserved 1179648K
  class space    used 11052K, committed 11328K, reserved 1048576K
}
Event: 6.854 GC heap before
{Heap before GC invocations=36 (full 0):
 garbage-first heap   total 146432K, used 85340K [0x0000000080000000, 0x0000000100000000)
  region size 1024K, 8 young (8192K), 7 survivors (7168K)
 Metaspace       used 78634K, committed 79296K, reserved 1179648K
  class space    used 11052K, committed 11328K, reserved 1048576K
}
Event: 6.860 GC heap after
{Heap after GC invocations=37 (full 0):
 garbage-first heap   total 146432K, used 85551K [0x0000000080000000, 0x0000000100000000)
  region size 1024K, 1 young (1024K), 1 survivors (1024K)
 Metaspace       used 78634K, committed 79296K, reserved 1179648K
  class space    used 11052K, committed 11328K, reserved 1048576K
}
Event: 6.862 GC heap before
{Heap before GC invocations=37 (full 0):
 garbage-first heap   total 146432K, used 85551K [0x0000000080000000, 0x0000000100000000)
  region size 1024K, 2 young (2048K), 1 survivors (1024K)
 Metaspace       used 78634K, committed 79296K, reserved 1179648K
  class space    used 11052K, committed 11328K, reserved 1048576K
}
Event: 6.864 GC heap after
{Heap after GC invocations=38 (full 0):
 garbage-first heap   total 146432K, used 86042K [0x0000000080000000, 0x0000000100000000)
  region size 1024K, 2 young (2048K), 2 survivors (2048K)
 Metaspace       used 78634K, committed 79296K, reserved 1179648K
  class space    used 11052K, committed 11328K, reserved 1048576K
}
Event: 6.955 GC heap before
{Heap before GC invocations=39 (full 0):
 garbage-first heap   total 176128K, used 111642K [0x0000000080000000, 0x0000000100000000)
  region size 1024K, 23 young (23552K), 2 survivors (2048K)
 Metaspace       used 78637K, committed 79296K, reserved 1179648K
  class space    used 11052K, committed 11328K, reserved 1048576K
}
Event: 6.959 GC heap after
{Heap after GC invocations=40 (full 0):
 garbage-first heap   total 176128K, used 93928K [0x0000000080000000, 0x0000000100000000)
  region size 1024K, 3 young (3072K), 3 survivors (3072K)
 Metaspace       used 78637K, committed 79296K, reserved 1179648K
  class space    used 11052K, committed 11328K, reserved 1048576K
}
Event: 6.968 GC heap before
{Heap before GC invocations=40 (full 0):
 garbage-first heap   total 176128K, used 98024K [0x0000000080000000, 0x0000000100000000)
  region size 1024K, 8 young (8192K), 3 survivors (3072K)
 Metaspace       used 78637K, committed 79296K, reserved 1179648K
  class space    used 11052K, committed 11328K, reserved 1048576K
}
Event: 6.973 GC heap after
{Heap after GC invocations=41 (full 0):
 garbage-first heap   total 528384K, used 95311K [0x0000000080000000, 0x0000000100000000)
  region size 1024K, 1 young (1024K), 1 survivors (1024K)
 Metaspace       used 78637K, committed 79296K, reserved 1179648K
  class space    used 11052K, committed 11328K, reserved 1048576K
}

