# JRE version: OpenJDK Runtime Environment (17.0.9) (build 17.0.9+0--11185874)
# Java VM: OpenJDK 64-Bit Server VM (17.0.9+0--11185874, mixed mode, tiered, compressed oops, compressed class ptrs, g1 gc, windows-amd64)
GC Precious Log:
 CPUs: 8 total, 8 available
 Memory: 7834M
 Large Page Support: Disabled
 NUMA Support: Disabled
 Compressed Oops: Enabled (32-bit)
 Heap Region Size: 1M
 Heap Min Capacity: 8M
 Heap Initial Capacity: 124M
 Heap Max Capacity: 2G
 Pre-touch: Disabled
 Parallel Workers: 8
 Concurrent Workers: 2
 Concurrent Refinement Workers: 8
 Periodic GC: Disabled
Heap:
 garbage-first heap   total 309248K, used 201884K [0x0000000080000000, 0x0000000100000000)
  region size 1024K, 1 young (1024K), 1 survivors (1024K)
 Metaspace       used 140158K, committed 141248K, reserved 1179648K
  class space    used 18361K, committed 18880K, reserved 1048576K
GC Heap History (20 events):
Event: 167.920 GC heap after
{Heap after GC invocations=48 (full 0):
 garbage-first heap   total 306176K, used 159105K [0x0000000080000000, 0x0000000100000000)
  region size 1024K, 8 young (8192K), 8 survivors (8192K)
 Metaspace       used 121785K, committed 122752K, reserved 1179648K
  class space    used 16184K, committed 16640K, reserved 1048576K
}
Event: 167.984 GC heap before
{Heap before GC invocations=48 (full 0):
 garbage-first heap   total 306176K, used 165249K [0x0000000080000000, 0x0000000100000000)
  region size 1024K, 14 young (14336K), 8 survivors (8192K)
 Metaspace       used 121851K, committed 122880K, reserved 1179648K
  class space    used 16197K, committed 16704K, reserved 1048576K
}
Event: 167.995 GC heap after
{Heap after GC invocations=49 (full 0):
 garbage-first heap   total 306176K, used 148172K [0x0000000080000000, 0x0000000100000000)
  region size 1024K, 2 young (2048K), 2 survivors (2048K)
 Metaspace       used 121851K, committed 122880K, reserved 1179648K
  class space    used 16197K, committed 16704K, reserved 1048576K
}
Event: 168.171 GC heap before
{Heap before GC invocations=49 (full 0):
 garbage-first heap   total 306176K, used 166604K [0x0000000080000000, 0x0000000100000000)
  region size 1024K, 21 young (21504K), 2 survivors (2048K)
 Metaspace       used 121878K, committed 122880K, reserved 1179648K
  class space    used 16198K, committed 16704K, reserved 1048576K
}
Event: 168.176 GC heap after
{Heap after GC invocations=50 (full 0):
 garbage-first heap   total 306176K, used 150288K [0x0000000080000000, 0x0000000100000000)
  region size 1024K, 4 young (4096K), 4 survivors (4096K)
 Metaspace       used 121878K, committed 122880K, reserved 1179648K
  class space    used 16198K, committed 16704K, reserved 1048576K
}
Event: 170.304 GC heap before
{Heap before GC invocations=51 (full 0):
 garbage-first heap   total 306176K, used 251664K [0x0000000080000000, 0x0000000100000000)
  region size 1024K, 90 young (92160K), 4 survivors (4096K)
 Metaspace       used 122091K, committed 123136K, reserved 1179648K
  class space    used 16216K, committed 16704K, reserved 1048576K
}
Event: 170.313 GC heap after
{Heap after GC invocations=52 (full 0):
 garbage-first heap   total 306176K, used 149139K [0x0000000080000000, 0x0000000100000000)
  region size 1024K, 9 young (9216K), 9 survivors (9216K)
 Metaspace       used 122091K, committed 123136K, reserved 1179648K
  class space    used 16216K, committed 16704K, reserved 1048576K
}
Event: 170.332 GC heap before
{Heap before GC invocations=52 (full 0):
 garbage-first heap   total 306176K, used 153235K [0x0000000080000000, 0x0000000100000000)
  region size 1024K, 14 young (14336K), 9 survivors (9216K)
 Metaspace       used 122097K, committed 123136K, reserved 1179648K
  class space    used 16217K, committed 16704K, reserved 1048576K
}
Event: 170.347 GC heap after
{Heap after GC invocations=53 (full 0):
 garbage-first heap   total 306176K, used 134874K [0x0000000080000000, 0x0000000100000000)
  region size 1024K, 2 young (2048K), 2 survivors (2048K)
 Metaspace       used 122097K, committed 123136K, reserved 1179648K
  class space    used 16217K, committed 16704K, reserved 1048576K
}
Event: 171.055 GC heap before
{Heap before GC invocations=53 (full 0):
 garbage-first heap   total 306176K, used 238298K [0x0000000080000000, 0x0000000100000000)
  region size 1024K, 104 young (106496K), 2 survivors (2048K)
 Metaspace       used 123514K, committed 124480K, reserved 1179648K
  class space    used 16352K, committed 16832K, reserved 1048576K
}
Event: 171.060 GC heap after
{Heap after GC invocations=54 (full 0):
 garbage-first heap   total 306176K, used 138814K [0x0000000080000000, 0x0000000100000000)
  region size 1024K, 6 young (6144K), 6 survivors (6144K)
 Metaspace       used 123514K, committed 124480K, reserved 1179648K
  class space    used 16352K, committed 16832K, reserved 1048576K
}
Event: 184.912 GC heap before
{Heap before GC invocations=55 (full 0):
 garbage-first heap   total 306176K, used 242238K [0x0000000080000000, 0x0000000100000000)
  region size 1024K, 108 young (110592K), 6 survivors (6144K)
 Metaspace       used 129976K, committed 131072K, reserved 1179648K
  class space    used 17240K, committed 17792K, reserved 1048576K
}
Event: 184.919 GC heap after
{Heap after GC invocations=56 (full 0):
 garbage-first heap   total 306176K, used 140973K [0x0000000080000000, 0x0000000100000000)
  region size 1024K, 8 young (8192K), 8 survivors (8192K)
 Metaspace       used 129976K, committed 131072K, reserved 1179648K
  class space    used 17240K, committed 17792K, reserved 1048576K
}
Event: 185.106 GC heap before
{Heap before GC invocations=56 (full 0):
 garbage-first heap   total 306176K, used 147117K [0x0000000080000000, 0x0000000100000000)
  region size 1024K, 14 young (14336K), 8 survivors (8192K)
 Metaspace       used 130584K, committed 131712K, reserved 1179648K
  class space    used 17324K, committed 17856K, reserved 1048576K
}
Event: 185.112 GC heap after
{Heap after GC invocations=57 (full 0):
 garbage-first heap   total 306176K, used 139497K [0x0000000080000000, 0x0000000100000000)
  region size 1024K, 2 young (2048K), 2 survivors (2048K)
 Metaspace       used 130584K, committed 131712K, reserved 1179648K
  class space    used 17324K, committed 17856K, reserved 1048576K
}
Event: 185.424 GC heap before
{Heap before GC invocations=57 (full 0):
 garbage-first heap   total 306176K, used 163049K [0x0000000080000000, 0x0000000100000000)
  region size 1024K, 27 young (27648K), 2 survivors (2048K)
 Metaspace       used 135447K, committed 136512K, reserved 1179648K
  class space    used 17932K, committed 18432K, reserved 1048576K
}
Event: 185.426 GC heap after
{Heap after GC invocations=58 (full 0):
 garbage-first heap   total 306176K, used 139785K [0x0000000080000000, 0x0000000100000000)
  region size 1024K, 2 young (2048K), 2 survivors (2048K)
 Metaspace       used 135447K, committed 136512K, reserved 1179648K
  class space    used 17932K, committed 18432K, reserved 1048576K
}
Event: 186.607 GC heap before
{Heap before GC invocations=59 (full 0):
 garbage-first heap   total 306176K, used 245257K [0x0000000080000000, 0x0000000100000000)
  region size 1024K, 102 young (104448K), 2 survivors (2048K)
 Metaspace       used 139727K, committed 140864K, reserved 1179648K
  class space    used 18311K, committed 18880K, reserved 1048576K
}
Event: 186.655 GC heap after
{Heap after GC invocations=60 (full 0):
 garbage-first heap   total 309248K, used 201985K [0x0000000080000000, 0x0000000100000000)
  region size 1024K, 13 young (13312K), 13 survivors (13312K)
 Metaspace       used 139727K, committed 140864K, reserved 1179648K
  class space    used 18311K, committed 18880K, reserved 1048576K
}
Event: 186.708 GC heap before
{Heap before GC invocations=60 (full 0):
 garbage-first heap   total 309248K, used 204033K [0x0000000080000000, 0x0000000100000000)
  region size 1024K, 15 young (15360K), 13 survivors (13312K)
 Metaspace       used 140158K, committed 141248K, reserved 1179648K
  class space    used 18361K, committed 18880K, reserved 1048576K
}

