# JRE version: OpenJDK Runtime Environment (17.0.9) (build 17.0.9+0--11185874)
# Java VM: OpenJDK 64-Bit Server VM (17.0.9+0--11185874, mixed mode, tiered, compressed oops, compressed class ptrs, g1 gc, windows-amd64)
GC Precious Log:
 CPUs: 8 total, 8 available
 Memory: 7834M
 Large Page Support: Disabled
 NUMA Support: Disabled
 Compressed Oops: Enabled (32-bit)
 Heap Region Size: 1M
 Heap Min Capacity: 8M
 Heap Initial Capacity: 124M
 Heap Max Capacity: 1960M
 Pre-touch: Disabled
 Parallel Workers: 8
 Concurrent Workers: 2
 Concurrent Refinement Workers: 8
 Periodic GC: Disabled
Heap:
 garbage-first heap   total 86016K, used 53736K [0x0000000085800000, 0x0000000100000000)
  region size 1024K, 12 young (12288K), 4 survivors (4096K)
 Metaspace       used 61198K, committed 61440K, reserved 1114112K
  class space    used 7349K, committed 7424K, reserved 1048576K
GC Heap History (20 events):
Event: 1.553 GC heap before
{Heap before GC invocations=6 (full 0):
 garbage-first heap   total 40960K, used 30439K [0x0000000085800000, 0x0000000100000000)
  region size 1024K, 15 young (15360K), 3 survivors (3072K)
 Metaspace       used 33781K, committed 33984K, reserved 1114112K
  class space    used 4313K, committed 4416K, reserved 1048576K
}
Event: 1.558 GC heap after
{Heap after GC invocations=7 (full 0):
 garbage-first heap   total 40960K, used 19798K [0x0000000085800000, 0x0000000100000000)
  region size 1024K, 2 young (2048K), 2 survivors (2048K)
 Metaspace       used 33781K, committed 33984K, reserved 1114112K
  class space    used 4313K, committed 4416K, reserved 1048576K
}
Event: 1.678 GC heap before
{Heap before GC invocations=7 (full 0):
 garbage-first heap   total 40960K, used 31062K [0x0000000085800000, 0x0000000100000000)
  region size 1024K, 13 young (13312K), 2 survivors (2048K)
 Metaspace       used 35702K, committed 35968K, reserved 1114112K
  class space    used 4528K, committed 4672K, reserved 1048576K
}
Event: 1.682 GC heap after
{Heap after GC invocations=8 (full 0):
 garbage-first heap   total 81920K, used 18993K [0x0000000085800000, 0x0000000100000000)
  region size 1024K, 2 young (2048K), 2 survivors (2048K)
 Metaspace       used 35702K, committed 35968K, reserved 1114112K
  class space    used 4528K, committed 4672K, reserved 1048576K
}
Event: 1.688 GC heap before
{Heap before GC invocations=8 (full 0):
 garbage-first heap   total 81920K, used 18993K [0x0000000085800000, 0x0000000100000000)
  region size 1024K, 3 young (3072K), 2 survivors (2048K)
 Metaspace       used 35882K, committed 36096K, reserved 1114112K
  class space    used 4537K, committed 4672K, reserved 1048576K
}
Event: 1.690 GC heap after
{Heap after GC invocations=9 (full 0):
 garbage-first heap   total 81920K, used 19152K [0x0000000085800000, 0x0000000100000000)
  region size 1024K, 2 young (2048K), 2 survivors (2048K)
 Metaspace       used 35882K, committed 36096K, reserved 1114112K
  class space    used 4537K, committed 4672K, reserved 1048576K
}
Event: 2.218 GC heap before
{Heap before GC invocations=10 (full 0):
 garbage-first heap   total 71680K, used 59088K [0x0000000085800000, 0x0000000100000000)
  region size 1024K, 41 young (41984K), 2 survivors (2048K)
 Metaspace       used 45218K, committed 45440K, reserved 1114112K
  class space    used 5532K, committed 5632K, reserved 1048576K
}
Event: 2.227 GC heap after
{Heap after GC invocations=11 (full 0):
 garbage-first heap   total 71680K, used 22371K [0x0000000085800000, 0x0000000100000000)
  region size 1024K, 5 young (5120K), 5 survivors (5120K)
 Metaspace       used 45218K, committed 45440K, reserved 1114112K
  class space    used 5532K, committed 5632K, reserved 1048576K
}
Event: 2.496 GC heap before
{Heap before GC invocations=11 (full 0):
 garbage-first heap   total 71680K, used 57187K [0x0000000085800000, 0x0000000100000000)
  region size 1024K, 36 young (36864K), 5 survivors (5120K)
 Metaspace       used 47292K, committed 47552K, reserved 1114112K
  class space    used 5765K, committed 5888K, reserved 1048576K
}
Event: 2.504 GC heap after
{Heap after GC invocations=12 (full 0):
 garbage-first heap   total 71680K, used 28179K [0x0000000085800000, 0x0000000100000000)
  region size 1024K, 4 young (4096K), 4 survivors (4096K)
 Metaspace       used 47292K, committed 47552K, reserved 1114112K
  class space    used 5765K, committed 5888K, reserved 1048576K
}
Event: 3.060 GC heap before
{Heap before GC invocations=12 (full 0):
 garbage-first heap   total 71680K, used 54803K [0x0000000085800000, 0x0000000100000000)
  region size 1024K, 30 young (30720K), 4 survivors (4096K)
 Metaspace       used 53155K, committed 53440K, reserved 1114112K
  class space    used 6458K, committed 6592K, reserved 1048576K
}
Event: 3.071 GC heap after
{Heap after GC invocations=13 (full 0):
 garbage-first heap   total 71680K, used 30030K [0x0000000085800000, 0x0000000100000000)
  region size 1024K, 3 young (3072K), 3 survivors (3072K)
 Metaspace       used 53155K, committed 53440K, reserved 1114112K
  class space    used 6458K, committed 6592K, reserved 1048576K
}
Event: 3.699 GC heap before
{Heap before GC invocations=13 (full 0):
 garbage-first heap   total 71680K, used 54606K [0x0000000085800000, 0x0000000100000000)
  region size 1024K, 28 young (28672K), 3 survivors (3072K)
 Metaspace       used 55614K, committed 55872K, reserved 1114112K
  class space    used 6690K, committed 6784K, reserved 1048576K
}
Event: 3.719 GC heap after
{Heap after GC invocations=14 (full 0):
 garbage-first heap   total 86016K, used 34700K [0x0000000085800000, 0x0000000100000000)
  region size 1024K, 4 young (4096K), 4 survivors (4096K)
 Metaspace       used 55614K, committed 55872K, reserved 1114112K
  class space    used 6690K, committed 6784K, reserved 1048576K
}
Event: 4.237 GC heap before
{Heap before GC invocations=14 (full 0):
 garbage-first heap   total 86016K, used 64396K [0x0000000085800000, 0x0000000100000000)
  region size 1024K, 33 young (33792K), 4 survivors (4096K)
 Metaspace       used 56313K, committed 56576K, reserved 1114112K
  class space    used 6726K, committed 6848K, reserved 1048576K
}
Event: 4.260 GC heap after
{Heap after GC invocations=15 (full 0):
 garbage-first heap   total 86016K, used 40522K [0x0000000085800000, 0x0000000100000000)
  region size 1024K, 5 young (5120K), 5 survivors (5120K)
 Metaspace       used 56313K, committed 56576K, reserved 1114112K
  class space    used 6726K, committed 6848K, reserved 1048576K
}
Event: 4.512 GC heap before
{Heap before GC invocations=15 (full 0):
 garbage-first heap   total 86016K, used 64074K [0x0000000085800000, 0x0000000100000000)
  region size 1024K, 29 young (29696K), 5 survivors (5120K)
 Metaspace       used 57542K, committed 57728K, reserved 1114112K
  class space    used 6889K, committed 6976K, reserved 1048576K
}
Event: 4.527 GC heap after
{Heap after GC invocations=16 (full 0):
 garbage-first heap   total 86016K, used 42267K [0x0000000085800000, 0x0000000100000000)
  region size 1024K, 2 young (2048K), 2 survivors (2048K)
 Metaspace       used 57542K, committed 57728K, reserved 1114112K
  class space    used 6889K, committed 6976K, reserved 1048576K
}
Event: 5.371 GC heap before
{Heap before GC invocations=16 (full 0):
 garbage-first heap   total 86016K, used 65819K [0x0000000085800000, 0x0000000100000000)
  region size 1024K, 26 young (26624K), 2 survivors (2048K)
 Metaspace       used 60367K, committed 60608K, reserved 1114112K
  class space    used 7208K, committed 7296K, reserved 1048576K
}
Event: 5.386 GC heap after
{Heap after GC invocations=17 (full 0):
 garbage-first heap   total 86016K, used 46568K [0x0000000085800000, 0x0000000100000000)
  region size 1024K, 4 young (4096K), 4 survivors (4096K)
 Metaspace       used 60367K, committed 60608K, reserved 1114112K
  class space    used 7208K, committed 7296K, reserved 1048576K
}

